Classic Timing Analyzer report for Filter_1
Sun Apr 14 17:34:52 2024
Quartus II Version 9.1 Build 222 10/21/2009 SJ Web Edition


---------------------
; Table of Contents ;
---------------------
  1. Legal Notice
  2. Timing Analyzer Summary
  3. Timing Analyzer Settings
  4. Clock Settings Summary
  5. Parallel Compilation
  6. Clock Setup: 'clk'
  7. tsu
  8. tco
  9. th
 10. Timing Analyzer Messages



----------------
; Legal Notice ;
----------------
Copyright (C) 1991-2009 Altera Corporation
Your use of Altera Corporation's design tools, logic functions 
and other software and tools, and its AMPP partner logic 
functions, and any output files from any of the foregoing 
(including device programming or simulation files), and any 
associated documentation or information are expressly subject 
to the terms and conditions of the Altera Program License 
Subscription Agreement, Altera MegaCore Function License 
Agreement, or other applicable license agreement, including, 
without limitation, that your use is for the sole purpose of 
programming logic devices manufactured by Altera and sold by 
Altera or its authorized distributors.  Please refer to the 
applicable agreement for further details.



+--------------------------------------------------------------------------------------------------------------------------------------------------------------------------------------------------------------------------------------------+
; Timing Analyzer Summary                                                                                                                                                                                                                    ;
+------------------------------+-------+---------------+----------------------------------+----------------------------------+------------------------------------------------------------------------+------------+----------+--------------+
; Type                         ; Slack ; Required Time ; Actual Time                      ; From                             ; To                                                                     ; From Clock ; To Clock ; Failed Paths ;
+------------------------------+-------+---------------+----------------------------------+----------------------------------+------------------------------------------------------------------------+------------+----------+--------------+
; Worst-case tsu               ; N/A   ; None          ; 6.429 ns                         ; add_sub                          ; mac:inst7|lpm_add_sub:inst|add_sub_pth:auto_generated|pipeline_dffe[4] ; --         ; clk      ; 0            ;
; Worst-case tco               ; N/A   ; None          ; 7.596 ns                         ; lpm_shiftreg:inst4|dffs[0]       ; outtttt                                                                ; clk        ; --       ; 0            ;
; Worst-case th                ; N/A   ; None          ; 0.324 ns                         ; input_data[2]                    ; lpm_shiftreg:inst4|dffs[2]                                             ; --         ; clk      ; 0            ;
; Clock Setup: 'clk'           ; N/A   ; None          ; 406.83 MHz ( period = 2.458 ns ) ; 8tapfir:inst|lut16:inst5|DATA[3] ; mac:inst7|lpm_add_sub:inst|add_sub_pth:auto_generated|pipeline_dffe[4] ; clk        ; clk      ; 0            ;
; Total number of failed paths ;       ;               ;                                  ;                                  ;                                                                        ;            ;          ; 0            ;
+------------------------------+-------+---------------+----------------------------------+----------------------------------+------------------------------------------------------------------------+------------+----------+--------------+


+-----------------------------------------------------------------------------------------------------------------------------------------------------+
; Timing Analyzer Settings                                                                                                                            ;
+------------------------------------------------------------------------------------------------------+--------------------+------+----+-------------+
; Option                                                                                               ; Setting            ; From ; To ; Entity Name ;
+------------------------------------------------------------------------------------------------------+--------------------+------+----+-------------+
; Device Name                                                                                          ; EP2C5T144C6        ;      ;    ;             ;
; Timing Models                                                                                        ; Final              ;      ;    ;             ;
; Default hold multicycle                                                                              ; Same as Multicycle ;      ;    ;             ;
; Cut paths between unrelated clock domains                                                            ; On                 ;      ;    ;             ;
; Cut off read during write signal paths                                                               ; On                 ;      ;    ;             ;
; Cut off feedback from I/O pins                                                                       ; On                 ;      ;    ;             ;
; Report Combined Fast/Slow Timing                                                                     ; Off                ;      ;    ;             ;
; Ignore Clock Settings                                                                                ; Off                ;      ;    ;             ;
; Analyze latches as synchronous elements                                                              ; On                 ;      ;    ;             ;
; Enable Recovery/Removal analysis                                                                     ; Off                ;      ;    ;             ;
; Enable Clock Latency                                                                                 ; Off                ;      ;    ;             ;
; Use TimeQuest Timing Analyzer                                                                        ; Off                ;      ;    ;             ;
; Minimum Core Junction Temperature                                                                    ; 0                  ;      ;    ;             ;
; Maximum Core Junction Temperature                                                                    ; 85                 ;      ;    ;             ;
; Number of source nodes to report per destination node                                                ; 10                 ;      ;    ;             ;
; Number of destination nodes to report                                                                ; 10                 ;      ;    ;             ;
; Number of paths to report                                                                            ; 200                ;      ;    ;             ;
; Report Minimum Timing Checks                                                                         ; Off                ;      ;    ;             ;
; Use Fast Timing Models                                                                               ; Off                ;      ;    ;             ;
; Report IO Paths Separately                                                                           ; Off                ;      ;    ;             ;
; Perform Multicorner Analysis                                                                         ; On                 ;      ;    ;             ;
; Reports the worst-case path for each clock domain and analysis                                       ; Off                ;      ;    ;             ;
; Reports worst-case timing paths for each clock domain and analysis                                   ; On                 ;      ;    ;             ;
; Specifies the maximum number of worst-case timing paths to report for each clock domain and analysis ; 100                ;      ;    ;             ;
; Removes common clock path pessimism (CCPP) during slack computation                                  ; Off                ;      ;    ;             ;
; Output I/O Timing Endpoint                                                                           ; Near End           ;      ;    ;             ;
+------------------------------------------------------------------------------------------------------+--------------------+------+----+-------------+


+------------------------------------------------------------------------------------------------------------------------------------------------------------------------------------+
; Clock Settings Summary                                                                                                                                                             ;
+-----------------+--------------------+----------+------------------+---------------+--------------+----------+-----------------------+---------------------+--------+--------------+
; Clock Node Name ; Clock Setting Name ; Type     ; Fmax Requirement ; Early Latency ; Late Latency ; Based on ; Multiply Base Fmax by ; Divide Base Fmax by ; Offset ; Phase offset ;
+-----------------+--------------------+----------+------------------+---------------+--------------+----------+-----------------------+---------------------+--------+--------------+
; clk             ;                    ; User Pin ; None             ; 0.000 ns      ; 0.000 ns     ; --       ; N/A                   ; N/A                 ; N/A    ;              ;
+-----------------+--------------------+----------+------------------+---------------+--------------+----------+-----------------------+---------------------+--------+--------------+


Parallel compilation was disabled, but you have multiple processors available. Enable parallel compilation to reduce compilation time.
+-------------------------------------+
; Parallel Compilation                ;
+----------------------------+--------+
; Processors                 ; Number ;
+----------------------------+--------+
; Number detected on machine ; 2      ;
; Maximum allowed            ; 1      ;
+----------------------------+--------+


+----------------------------------------------------------------------------------------------------------------------------------------------------------------------------------------------------------------------------------------------------------------------------------------------------------------------+
; Clock Setup: 'clk'                                                                                                                                                                                                                                                                                                   ;
+-------+------------------------------------------------+------------------------------------------------------------------------+------------------------------------------------------------------------+------------+----------+-----------------------------+---------------------------+-------------------------+
; Slack ; Actual fmax (period)                           ; From                                                                   ; To                                                                     ; From Clock ; To Clock ; Required Setup Relationship ; Required Longest P2P Time ; Actual Longest P2P Time ;
+-------+------------------------------------------------+------------------------------------------------------------------------+------------------------------------------------------------------------+------------+----------+-----------------------------+---------------------------+-------------------------+
; N/A   ; 406.83 MHz ( period = 2.458 ns )               ; 8tapfir:inst|lut16:inst5|DATA[3]                                       ; mac:inst7|lpm_add_sub:inst|add_sub_pth:auto_generated|pipeline_dffe[4] ; clk        ; clk      ; None                        ; None                      ; 2.255 ns                ;
; N/A   ; Restricted to 420.17 MHz ( period = 2.380 ns ) ; mac:inst7|lpm_add_sub:inst|add_sub_pth:auto_generated|pipeline_dffe[2] ; mac:inst7|lpm_add_sub:inst|add_sub_pth:auto_generated|pipeline_dffe[4] ; clk        ; clk      ; None                        ; None                      ; 2.073 ns                ;
; N/A   ; Restricted to 420.17 MHz ( period = 2.380 ns ) ; mac:inst7|lpm_add_sub:inst|add_sub_pth:auto_generated|pipeline_dffe[1] ; mac:inst7|lpm_add_sub:inst|add_sub_pth:auto_generated|pipeline_dffe[4] ; clk        ; clk      ; None                        ; None                      ; 2.034 ns                ;
; N/A   ; Restricted to 420.17 MHz ( period = 2.380 ns ) ; mac:inst7|lpm_add_sub:inst|add_sub_pth:auto_generated|pipeline_dffe[2] ; mac:inst7|lpm_add_sub:inst|add_sub_pth:auto_generated|pipeline_dffe[3] ; clk        ; clk      ; None                        ; None                      ; 2.002 ns                ;
; N/A   ; Restricted to 420.17 MHz ( period = 2.380 ns ) ; mac:inst7|lpm_add_sub:inst|add_sub_pth:auto_generated|pipeline_dffe[1] ; mac:inst7|lpm_add_sub:inst|add_sub_pth:auto_generated|pipeline_dffe[3] ; clk        ; clk      ; None                        ; None                      ; 1.963 ns                ;
; N/A   ; Restricted to 420.17 MHz ( period = 2.380 ns ) ; mac:inst7|lpm_add_sub:inst|add_sub_pth:auto_generated|pipeline_dffe[2] ; mac:inst7|lpm_add_sub:inst|add_sub_pth:auto_generated|pipeline_dffe[2] ; clk        ; clk      ; None                        ; None                      ; 1.931 ns                ;
; N/A   ; Restricted to 420.17 MHz ( period = 2.380 ns ) ; mac:inst7|lpm_add_sub:inst|add_sub_pth:auto_generated|pipeline_dffe[1] ; mac:inst7|lpm_add_sub:inst|add_sub_pth:auto_generated|pipeline_dffe[2] ; clk        ; clk      ; None                        ; None                      ; 1.892 ns                ;
; N/A   ; Restricted to 420.17 MHz ( period = 2.380 ns ) ; 8tapfir:inst|lut16:inst5|DATA[3]                                       ; mac:inst7|lpm_add_sub:inst|add_sub_pth:auto_generated|pipeline_dffe[3] ; clk        ; clk      ; None                        ; None                      ; 1.872 ns                ;
; N/A   ; Restricted to 420.17 MHz ( period = 2.380 ns ) ; mac:inst7|lpm_add_sub:inst|add_sub_pth:auto_generated|pipeline_dffe[3] ; mac:inst7|lpm_add_sub:inst|add_sub_pth:auto_generated|pipeline_dffe[4] ; clk        ; clk      ; None                        ; None                      ; 1.859 ns                ;
; N/A   ; Restricted to 420.17 MHz ( period = 2.380 ns ) ; mac:inst7|lpm_add_sub:inst|add_sub_pth:auto_generated|pipeline_dffe[1] ; mac:inst7|lpm_add_sub:inst|add_sub_pth:auto_generated|pipeline_dffe[1] ; clk        ; clk      ; None                        ; None                      ; 1.821 ns                ;
; N/A   ; Restricted to 420.17 MHz ( period = 2.380 ns ) ; 8tapfir:inst|lut16:inst5|DATA[0]                                       ; mac:inst7|lpm_add_sub:inst|add_sub_pth:auto_generated|pipeline_dffe[4] ; clk        ; clk      ; None                        ; None                      ; 1.797 ns                ;
; N/A   ; Restricted to 420.17 MHz ( period = 2.380 ns ) ; mac:inst7|lpm_add_sub:inst|add_sub_pth:auto_generated|pipeline_dffe[3] ; mac:inst7|lpm_add_sub:inst|add_sub_pth:auto_generated|pipeline_dffe[3] ; clk        ; clk      ; None                        ; None                      ; 1.788 ns                ;
; N/A   ; Restricted to 420.17 MHz ( period = 2.380 ns ) ; mac:inst7|lpm_add_sub:inst|add_sub_pth:auto_generated|pipeline_dffe[0] ; mac:inst7|lpm_shiftreg:inst1|dffs[3]                                   ; clk        ; clk      ; None                        ; None                      ; 1.772 ns                ;
; N/A   ; Restricted to 420.17 MHz ( period = 2.380 ns ) ; 8tapfir:inst|lut16:inst5|DATA[1]                                       ; mac:inst7|lpm_add_sub:inst|add_sub_pth:auto_generated|pipeline_dffe[4] ; clk        ; clk      ; None                        ; None                      ; 1.768 ns                ;
; N/A   ; Restricted to 420.17 MHz ( period = 2.380 ns ) ; 8tapfir:inst|lut16:inst5|DATA[0]                                       ; mac:inst7|lpm_add_sub:inst|add_sub_pth:auto_generated|pipeline_dffe[3] ; clk        ; clk      ; None                        ; None                      ; 1.726 ns                ;
; N/A   ; Restricted to 420.17 MHz ( period = 2.380 ns ) ; 8tapfir:inst|lut16:inst5|DATA[1]                                       ; mac:inst7|lpm_add_sub:inst|add_sub_pth:auto_generated|pipeline_dffe[3] ; clk        ; clk      ; None                        ; None                      ; 1.697 ns                ;
; N/A   ; Restricted to 420.17 MHz ( period = 2.380 ns ) ; 8tapfir:inst|lut16:inst5|DATA[2]                                       ; mac:inst7|lpm_add_sub:inst|add_sub_pth:auto_generated|pipeline_dffe[4] ; clk        ; clk      ; None                        ; None                      ; 1.658 ns                ;
; N/A   ; Restricted to 420.17 MHz ( period = 2.380 ns ) ; 8tapfir:inst|lut16:inst5|DATA[0]                                       ; mac:inst7|lpm_add_sub:inst|add_sub_pth:auto_generated|pipeline_dffe[2] ; clk        ; clk      ; None                        ; None                      ; 1.655 ns                ;
; N/A   ; Restricted to 420.17 MHz ( period = 2.380 ns ) ; mac:inst7|lpm_add_sub:inst|add_sub_pth:auto_generated|pipeline_dffe[4] ; mac:inst7|lpm_add_sub:inst|add_sub_pth:auto_generated|pipeline_dffe[4] ; clk        ; clk      ; None                        ; None                      ; 1.645 ns                ;
; N/A   ; Restricted to 420.17 MHz ( period = 2.380 ns ) ; 8tapfir:inst|lut16:inst5|DATA[1]                                       ; mac:inst7|lpm_add_sub:inst|add_sub_pth:auto_generated|pipeline_dffe[2] ; clk        ; clk      ; None                        ; None                      ; 1.626 ns                ;
; N/A   ; Restricted to 420.17 MHz ( period = 2.380 ns ) ; 8tapfir:inst|lut16:inst5|DATA[2]                                       ; mac:inst7|lpm_add_sub:inst|add_sub_pth:auto_generated|pipeline_dffe[3] ; clk        ; clk      ; None                        ; None                      ; 1.587 ns                ;
; N/A   ; Restricted to 420.17 MHz ( period = 2.380 ns ) ; 8tapfir:inst|lut16:inst5|DATA[0]                                       ; mac:inst7|lpm_add_sub:inst|add_sub_pth:auto_generated|pipeline_dffe[1] ; clk        ; clk      ; None                        ; None                      ; 1.584 ns                ;
; N/A   ; Restricted to 420.17 MHz ( period = 2.380 ns ) ; mac:inst7|lpm_add_sub:inst|add_sub_pth:auto_generated|pipeline_dffe[2] ; mac:inst7|lpm_add_sub:inst|add_sub_pth:auto_generated|pipeline_dffe[1] ; clk        ; clk      ; None                        ; None                      ; 1.548 ns                ;
; N/A   ; Restricted to 420.17 MHz ( period = 2.380 ns ) ; 8tapfir:inst|summator:inst3|inst1                                      ; 8tapfir:inst|lut16:inst5|DATA[2]                                       ; clk        ; clk      ; None                        ; None                      ; 1.526 ns                ;
; N/A   ; Restricted to 420.17 MHz ( period = 2.380 ns ) ; 8tapfir:inst|summator:inst2|inst1                                      ; 8tapfir:inst|lut16:inst5|DATA[2]                                       ; clk        ; clk      ; None                        ; None                      ; 1.515 ns                ;
; N/A   ; Restricted to 420.17 MHz ( period = 2.380 ns ) ; mac:inst7|lpm_add_sub:inst|add_sub_pth:auto_generated|pipeline_dffe[1] ; mac:inst7|lpm_add_sub:inst|add_sub_pth:auto_generated|pipeline_dffe[0] ; clk        ; clk      ; None                        ; None                      ; 1.433 ns                ;
; N/A   ; Restricted to 420.17 MHz ( period = 2.380 ns ) ; mac:inst7|lpm_add_sub:inst|add_sub_pth:auto_generated|pipeline_dffe[3] ; mac:inst7|lpm_add_sub:inst|add_sub_pth:auto_generated|pipeline_dffe[2] ; clk        ; clk      ; None                        ; None                      ; 1.400 ns                ;
; N/A   ; Restricted to 420.17 MHz ( period = 2.380 ns ) ; 8tapfir:inst|summator:inst|inst1                                       ; 8tapfir:inst|lut16:inst5|DATA[2]                                       ; clk        ; clk      ; None                        ; None                      ; 1.390 ns                ;
; N/A   ; Restricted to 420.17 MHz ( period = 2.380 ns ) ; 8tapfir:inst|summator:inst|inst1                                       ; 8tapfir:inst|lut16:inst5|DATA[0]                                       ; clk        ; clk      ; None                        ; None                      ; 1.387 ns                ;
; N/A   ; Restricted to 420.17 MHz ( period = 2.380 ns ) ; 8tapfir:inst|summator:inst|inst1                                       ; 8tapfir:inst|lut16:inst5|DATA[1]                                       ; clk        ; clk      ; None                        ; None                      ; 1.386 ns                ;
; N/A   ; Restricted to 420.17 MHz ( period = 2.380 ns ) ; 8tapfir:inst|lpm_shiftreg:inst4|dffs[0]                                ; 8tapfir:inst|summator:inst1|inst1                                      ; clk        ; clk      ; None                        ; None                      ; 1.346 ns                ;
; N/A   ; Restricted to 420.17 MHz ( period = 2.380 ns ) ; 8tapfir:inst|lpm_shiftreg:inst4|dffs[0]                                ; 8tapfir:inst|summator:inst1|inst2                                      ; clk        ; clk      ; None                        ; None                      ; 1.342 ns                ;
; N/A   ; Restricted to 420.17 MHz ( period = 2.380 ns ) ; 8tapfir:inst|lpm_shiftreg:inst6|dffs[0]                                ; 8tapfir:inst|summator:inst3|inst1                                      ; clk        ; clk      ; None                        ; None                      ; 1.337 ns                ;
; N/A   ; Restricted to 420.17 MHz ( period = 2.380 ns ) ; 8tapfir:inst|lpm_shiftreg:inst6|dffs[0]                                ; 8tapfir:inst|summator:inst3|inst2                                      ; clk        ; clk      ; None                        ; None                      ; 1.336 ns                ;
; N/A   ; Restricted to 420.17 MHz ( period = 2.380 ns ) ; lpm_shiftreg:inst4|dffs[1]                                             ; lpm_shiftreg:inst4|dffs[0]                                             ; clk        ; clk      ; None                        ; None                      ; 1.322 ns                ;
; N/A   ; Restricted to 420.17 MHz ( period = 2.380 ns ) ; 8tapfir:inst|lpm_shiftreg:inst10|dffs[0]                               ; 8tapfir:inst|summator:inst1|inst1                                      ; clk        ; clk      ; None                        ; None                      ; 1.300 ns                ;
; N/A   ; Restricted to 420.17 MHz ( period = 2.380 ns ) ; mac:inst7|lpm_add_sub:inst|add_sub_pth:auto_generated|pipeline_dffe[4] ; mac:inst7|lpm_add_sub:inst|add_sub_pth:auto_generated|pipeline_dffe[3] ; clk        ; clk      ; None                        ; None                      ; 1.259 ns                ;
; N/A   ; Restricted to 420.17 MHz ( period = 2.380 ns ) ; 8tapfir:inst|lpm_shiftreg:inst7|dffs[3]                                ; 8tapfir:inst|lpm_shiftreg:inst7|dffs[2]                                ; clk        ; clk      ; None                        ; None                      ; 1.238 ns                ;
; N/A   ; Restricted to 420.17 MHz ( period = 2.380 ns ) ; 8tapfir:inst|lut16:inst5|DATA[1]                                       ; mac:inst7|lpm_add_sub:inst|add_sub_pth:auto_generated|pipeline_dffe[1] ; clk        ; clk      ; None                        ; None                      ; 1.238 ns                ;
; N/A   ; Restricted to 420.17 MHz ( period = 2.380 ns ) ; 8tapfir:inst|summator:inst1|inst1                                      ; 8tapfir:inst|lut16:inst5|DATA[1]                                       ; clk        ; clk      ; None                        ; None                      ; 1.238 ns                ;
; N/A   ; Restricted to 420.17 MHz ( period = 2.380 ns ) ; 8tapfir:inst|summator:inst3|inst1                                      ; 8tapfir:inst|lut16:inst5|DATA[1]                                       ; clk        ; clk      ; None                        ; None                      ; 1.219 ns                ;
; N/A   ; Restricted to 420.17 MHz ( period = 2.380 ns ) ; 8tapfir:inst|summator:inst3|inst1                                      ; 8tapfir:inst|lut16:inst5|DATA[0]                                       ; clk        ; clk      ; None                        ; None                      ; 1.219 ns                ;
; N/A   ; Restricted to 420.17 MHz ( period = 2.380 ns ) ; 8tapfir:inst|lut16:inst5|DATA[2]                                       ; mac:inst7|lpm_add_sub:inst|add_sub_pth:auto_generated|pipeline_dffe[2] ; clk        ; clk      ; None                        ; None                      ; 1.204 ns                ;
; N/A   ; Restricted to 420.17 MHz ( period = 2.380 ns ) ; 8tapfir:inst|lut16:inst5|DATA[0]                                       ; mac:inst7|lpm_add_sub:inst|add_sub_pth:auto_generated|pipeline_dffe[0] ; clk        ; clk      ; None                        ; None                      ; 1.201 ns                ;
; N/A   ; Restricted to 420.17 MHz ( period = 2.380 ns ) ; 8tapfir:inst|lpm_shiftreg:inst7|dffs[1]                                ; 8tapfir:inst|lpm_shiftreg:inst7|dffs[0]                                ; clk        ; clk      ; None                        ; None                      ; 1.179 ns                ;
; N/A   ; Restricted to 420.17 MHz ( period = 2.380 ns ) ; lpm_shiftreg:inst4|dffs[0]                                             ; 8tapfir:inst|lpm_shiftreg:inst4|dffs[4]                                ; clk        ; clk      ; None                        ; None                      ; 1.030 ns                ;
; N/A   ; Restricted to 420.17 MHz ( period = 2.380 ns ) ; 8tapfir:inst|lpm_shiftreg:inst10|dffs[0]                               ; 8tapfir:inst|summator:inst1|inst2                                      ; clk        ; clk      ; None                        ; None                      ; 0.994 ns                ;
; N/A   ; Restricted to 420.17 MHz ( period = 2.380 ns ) ; 8tapfir:inst|lpm_shiftreg:inst9|dffs[0]                                ; 8tapfir:inst|summator:inst3|inst2                                      ; clk        ; clk      ; None                        ; None                      ; 0.985 ns                ;
; N/A   ; Restricted to 420.17 MHz ( period = 2.380 ns ) ; 8tapfir:inst|lpm_shiftreg:inst9|dffs[0]                                ; 8tapfir:inst|summator:inst3|inst1                                      ; clk        ; clk      ; None                        ; None                      ; 0.984 ns                ;
; N/A   ; Restricted to 420.17 MHz ( period = 2.380 ns ) ; 8tapfir:inst|lpm_shiftreg:inst8|dffs[1]                                ; 8tapfir:inst|lpm_shiftreg:inst8|dffs[0]                                ; clk        ; clk      ; None                        ; None                      ; 0.980 ns                ;
; N/A   ; Restricted to 420.17 MHz ( period = 2.380 ns ) ; 8tapfir:inst|lpm_shiftreg:inst11|dffs[1]                               ; 8tapfir:inst|lpm_shiftreg:inst11|dffs[0]                               ; clk        ; clk      ; None                        ; None                      ; 0.965 ns                ;
; N/A   ; Restricted to 420.17 MHz ( period = 2.380 ns ) ; 8tapfir:inst|lpm_shiftreg:inst9|dffs[4]                                ; 8tapfir:inst|lpm_shiftreg:inst9|dffs[3]                                ; clk        ; clk      ; None                        ; None                      ; 0.971 ns                ;
; N/A   ; Restricted to 420.17 MHz ( period = 2.380 ns ) ; 8tapfir:inst|lpm_shiftreg:inst8|dffs[4]                                ; 8tapfir:inst|lpm_shiftreg:inst8|dffs[3]                                ; clk        ; clk      ; None                        ; None                      ; 0.966 ns                ;
; N/A   ; Restricted to 420.17 MHz ( period = 2.380 ns ) ; 8tapfir:inst|summator:inst1|inst1                                      ; 8tapfir:inst|lut16:inst5|DATA[2]                                       ; clk        ; clk      ; None                        ; None                      ; 0.969 ns                ;
; N/A   ; Restricted to 420.17 MHz ( period = 2.380 ns ) ; 8tapfir:inst|lpm_shiftreg:inst8|dffs[0]                                ; 8tapfir:inst|summator:inst2|inst1                                      ; clk        ; clk      ; None                        ; None                      ; 0.864 ns                ;
; N/A   ; Restricted to 420.17 MHz ( period = 2.380 ns ) ; 8tapfir:inst|lpm_shiftreg:inst11|dffs[0]                               ; 8tapfir:inst|summator:inst|inst1                                       ; clk        ; clk      ; None                        ; None                      ; 0.864 ns                ;
; N/A   ; Restricted to 420.17 MHz ( period = 2.380 ns ) ; 8tapfir:inst|lpm_shiftreg:inst8|dffs[0]                                ; 8tapfir:inst|summator:inst2|inst2                                      ; clk        ; clk      ; None                        ; None                      ; 0.862 ns                ;
; N/A   ; Restricted to 420.17 MHz ( period = 2.380 ns ) ; 8tapfir:inst|lpm_shiftreg:inst11|dffs[0]                               ; 8tapfir:inst|summator:inst|inst2                                       ; clk        ; clk      ; None                        ; None                      ; 0.861 ns                ;
; N/A   ; Restricted to 420.17 MHz ( period = 2.380 ns ) ; 8tapfir:inst|summator:inst1|inst1                                      ; 8tapfir:inst|lut16:inst5|DATA[3]                                       ; clk        ; clk      ; None                        ; None                      ; 0.856 ns                ;
; N/A   ; Restricted to 420.17 MHz ( period = 2.380 ns ) ; 8tapfir:inst|summator:inst2|inst1                                      ; 8tapfir:inst|lut16:inst5|DATA[3]                                       ; clk        ; clk      ; None                        ; None                      ; 0.855 ns                ;
; N/A   ; Restricted to 420.17 MHz ( period = 2.380 ns ) ; 8tapfir:inst|summator:inst3|inst1                                      ; 8tapfir:inst|lut16:inst5|DATA[3]                                       ; clk        ; clk      ; None                        ; None                      ; 0.822 ns                ;
; N/A   ; Restricted to 420.17 MHz ( period = 2.380 ns ) ; 8tapfir:inst|lpm_shiftreg:inst7|dffs[0]                                ; 8tapfir:inst|summator:inst2|inst1                                      ; clk        ; clk      ; None                        ; None                      ; 0.822 ns                ;
; N/A   ; Restricted to 420.17 MHz ( period = 2.380 ns ) ; lpm_shiftreg:inst4|dffs[4]                                             ; lpm_shiftreg:inst4|dffs[3]                                             ; clk        ; clk      ; None                        ; None                      ; 0.817 ns                ;
; N/A   ; Restricted to 420.17 MHz ( period = 2.380 ns ) ; 8tapfir:inst|summator:inst3|inst2                                      ; 8tapfir:inst|summator:inst3|inst1                                      ; clk        ; clk      ; None                        ; None                      ; 0.815 ns                ;
; N/A   ; Restricted to 420.17 MHz ( period = 2.380 ns ) ; lpm_shiftreg:inst4|dffs[2]                                             ; lpm_shiftreg:inst4|dffs[1]                                             ; clk        ; clk      ; None                        ; None                      ; 0.812 ns                ;
; N/A   ; Restricted to 420.17 MHz ( period = 2.380 ns ) ; lpm_shiftreg:inst4|dffs[0]                                             ; 8tapfir:inst|summator:inst|inst2                                       ; clk        ; clk      ; None                        ; None                      ; 0.740 ns                ;
; N/A   ; Restricted to 420.17 MHz ( period = 2.380 ns ) ; 8tapfir:inst|lpm_shiftreg:inst8|dffs[0]                                ; 8tapfir:inst|lpm_shiftreg:inst9|dffs[4]                                ; clk        ; clk      ; None                        ; None                      ; 0.697 ns                ;
; N/A   ; Restricted to 420.17 MHz ( period = 2.380 ns ) ; 8tapfir:inst|lpm_shiftreg:inst9|dffs[2]                                ; 8tapfir:inst|lpm_shiftreg:inst9|dffs[1]                                ; clk        ; clk      ; None                        ; None                      ; 0.683 ns                ;
; N/A   ; Restricted to 420.17 MHz ( period = 2.380 ns ) ; 8tapfir:inst|lpm_shiftreg:inst11|dffs[4]                               ; 8tapfir:inst|lpm_shiftreg:inst11|dffs[3]                               ; clk        ; clk      ; None                        ; None                      ; 0.683 ns                ;
; N/A   ; Restricted to 420.17 MHz ( period = 2.380 ns ) ; 8tapfir:inst|lpm_shiftreg:inst9|dffs[1]                                ; 8tapfir:inst|lpm_shiftreg:inst9|dffs[0]                                ; clk        ; clk      ; None                        ; None                      ; 0.681 ns                ;
; N/A   ; Restricted to 420.17 MHz ( period = 2.380 ns ) ; 8tapfir:inst|lpm_shiftreg:inst10|dffs[4]                               ; 8tapfir:inst|lpm_shiftreg:inst10|dffs[3]                               ; clk        ; clk      ; None                        ; None                      ; 0.681 ns                ;
; N/A   ; Restricted to 420.17 MHz ( period = 2.380 ns ) ; lpm_shiftreg:inst4|dffs[0]                                             ; 8tapfir:inst|summator:inst|inst1                                       ; clk        ; clk      ; None                        ; None                      ; 0.680 ns                ;
; N/A   ; Restricted to 420.17 MHz ( period = 2.380 ns ) ; 8tapfir:inst|lpm_shiftreg:inst11|dffs[3]                               ; 8tapfir:inst|lpm_shiftreg:inst11|dffs[2]                               ; clk        ; clk      ; None                        ; None                      ; 0.680 ns                ;
; N/A   ; Restricted to 420.17 MHz ( period = 2.380 ns ) ; 8tapfir:inst|summator:inst|inst2                                       ; 8tapfir:inst|summator:inst|inst1                                       ; clk        ; clk      ; None                        ; None                      ; 0.679 ns                ;
; N/A   ; Restricted to 420.17 MHz ( period = 2.380 ns ) ; 8tapfir:inst|lpm_shiftreg:inst4|dffs[1]                                ; 8tapfir:inst|lpm_shiftreg:inst4|dffs[0]                                ; clk        ; clk      ; None                        ; None                      ; 0.679 ns                ;
; N/A   ; Restricted to 420.17 MHz ( period = 2.380 ns ) ; 8tapfir:inst|lpm_shiftreg:inst9|dffs[3]                                ; 8tapfir:inst|lpm_shiftreg:inst9|dffs[2]                                ; clk        ; clk      ; None                        ; None                      ; 0.679 ns                ;
; N/A   ; Restricted to 420.17 MHz ( period = 2.380 ns ) ; 8tapfir:inst|lpm_shiftreg:inst7|dffs[4]                                ; 8tapfir:inst|lpm_shiftreg:inst7|dffs[3]                                ; clk        ; clk      ; None                        ; None                      ; 0.678 ns                ;
; N/A   ; Restricted to 420.17 MHz ( period = 2.380 ns ) ; 8tapfir:inst|lpm_shiftreg:inst4|dffs[2]                                ; 8tapfir:inst|lpm_shiftreg:inst4|dffs[1]                                ; clk        ; clk      ; None                        ; None                      ; 0.676 ns                ;
; N/A   ; Restricted to 420.17 MHz ( period = 2.380 ns ) ; lpm_shiftreg:inst4|dffs[3]                                             ; lpm_shiftreg:inst4|dffs[2]                                             ; clk        ; clk      ; None                        ; None                      ; 0.664 ns                ;
; N/A   ; Restricted to 420.17 MHz ( period = 2.380 ns ) ; 8tapfir:inst|lpm_shiftreg:inst7|dffs[0]                                ; 8tapfir:inst|lpm_shiftreg:inst8|dffs[4]                                ; clk        ; clk      ; None                        ; None                      ; 0.553 ns                ;
; N/A   ; Restricted to 420.17 MHz ( period = 2.380 ns ) ; 8tapfir:inst|lpm_shiftreg:inst7|dffs[0]                                ; 8tapfir:inst|summator:inst2|inst2                                      ; clk        ; clk      ; None                        ; None                      ; 0.552 ns                ;
; N/A   ; Restricted to 420.17 MHz ( period = 2.380 ns ) ; 8tapfir:inst|summator:inst|inst1                                       ; 8tapfir:inst|lut16:inst5|DATA[3]                                       ; clk        ; clk      ; None                        ; None                      ; 0.550 ns                ;
; N/A   ; Restricted to 420.17 MHz ( period = 2.380 ns ) ; 8tapfir:inst|lpm_shiftreg:inst6|dffs[0]                                ; 8tapfir:inst|lpm_shiftreg:inst7|dffs[4]                                ; clk        ; clk      ; None                        ; None                      ; 0.547 ns                ;
; N/A   ; Restricted to 420.17 MHz ( period = 2.380 ns ) ; 8tapfir:inst|lpm_shiftreg:inst4|dffs[0]                                ; 8tapfir:inst|lpm_shiftreg:inst6|dffs[4]                                ; clk        ; clk      ; None                        ; None                      ; 0.547 ns                ;
; N/A   ; Restricted to 420.17 MHz ( period = 2.380 ns ) ; mac:inst7|lpm_shiftreg:inst1|dffs[3]                                   ; mac:inst7|lpm_shiftreg:inst1|dffs[2]                                   ; clk        ; clk      ; None                        ; None                      ; 0.544 ns                ;
; N/A   ; Restricted to 420.17 MHz ( period = 2.380 ns ) ; 8tapfir:inst|lpm_shiftreg:inst8|dffs[3]                                ; 8tapfir:inst|lpm_shiftreg:inst8|dffs[2]                                ; clk        ; clk      ; None                        ; None                      ; 0.542 ns                ;
; N/A   ; Restricted to 420.17 MHz ( period = 2.380 ns ) ; 8tapfir:inst|lpm_shiftreg:inst9|dffs[0]                                ; 8tapfir:inst|lpm_shiftreg:inst10|dffs[4]                               ; clk        ; clk      ; None                        ; None                      ; 0.542 ns                ;
; N/A   ; Restricted to 420.17 MHz ( period = 2.380 ns ) ; 8tapfir:inst|lpm_shiftreg:inst8|dffs[2]                                ; 8tapfir:inst|lpm_shiftreg:inst8|dffs[1]                                ; clk        ; clk      ; None                        ; None                      ; 0.541 ns                ;
; N/A   ; Restricted to 420.17 MHz ( period = 2.380 ns ) ; 8tapfir:inst|lpm_shiftreg:inst10|dffs[3]                               ; 8tapfir:inst|lpm_shiftreg:inst10|dffs[2]                               ; clk        ; clk      ; None                        ; None                      ; 0.541 ns                ;
; N/A   ; Restricted to 420.17 MHz ( period = 2.380 ns ) ; mac:inst7|lpm_shiftreg:inst1|dffs[2]                                   ; mac:inst7|lpm_shiftreg:inst1|dffs[1]                                   ; clk        ; clk      ; None                        ; None                      ; 0.541 ns                ;
; N/A   ; Restricted to 420.17 MHz ( period = 2.380 ns ) ; mac:inst7|lpm_shiftreg:inst1|dffs[1]                                   ; mac:inst7|lpm_shiftreg:inst1|dffs[0]                                   ; clk        ; clk      ; None                        ; None                      ; 0.541 ns                ;
; N/A   ; Restricted to 420.17 MHz ( period = 2.380 ns ) ; 8tapfir:inst|summator:inst2|inst2                                      ; 8tapfir:inst|summator:inst2|inst1                                      ; clk        ; clk      ; None                        ; None                      ; 0.540 ns                ;
; N/A   ; Restricted to 420.17 MHz ( period = 2.380 ns ) ; 8tapfir:inst|lpm_shiftreg:inst6|dffs[1]                                ; 8tapfir:inst|lpm_shiftreg:inst6|dffs[0]                                ; clk        ; clk      ; None                        ; None                      ; 0.540 ns                ;
; N/A   ; Restricted to 420.17 MHz ( period = 2.380 ns ) ; 8tapfir:inst|lpm_shiftreg:inst4|dffs[3]                                ; 8tapfir:inst|lpm_shiftreg:inst4|dffs[2]                                ; clk        ; clk      ; None                        ; None                      ; 0.540 ns                ;
; N/A   ; Restricted to 420.17 MHz ( period = 2.380 ns ) ; 8tapfir:inst|lpm_shiftreg:inst10|dffs[0]                               ; 8tapfir:inst|lpm_shiftreg:inst11|dffs[4]                               ; clk        ; clk      ; None                        ; None                      ; 0.540 ns                ;
; N/A   ; Restricted to 420.17 MHz ( period = 2.380 ns ) ; 8tapfir:inst|summator:inst1|inst2                                      ; 8tapfir:inst|summator:inst1|inst1                                      ; clk        ; clk      ; None                        ; None                      ; 0.539 ns                ;
; N/A   ; Restricted to 420.17 MHz ( period = 2.380 ns ) ; 8tapfir:inst|lpm_shiftreg:inst6|dffs[3]                                ; 8tapfir:inst|lpm_shiftreg:inst6|dffs[2]                                ; clk        ; clk      ; None                        ; None                      ; 0.539 ns                ;
; N/A   ; Restricted to 420.17 MHz ( period = 2.380 ns ) ; 8tapfir:inst|lpm_shiftreg:inst6|dffs[2]                                ; 8tapfir:inst|lpm_shiftreg:inst6|dffs[1]                                ; clk        ; clk      ; None                        ; None                      ; 0.538 ns                ;
; N/A   ; Restricted to 420.17 MHz ( period = 2.380 ns ) ; 8tapfir:inst|lpm_shiftreg:inst4|dffs[4]                                ; 8tapfir:inst|lpm_shiftreg:inst4|dffs[3]                                ; clk        ; clk      ; None                        ; None                      ; 0.538 ns                ;
; N/A   ; Restricted to 420.17 MHz ( period = 2.380 ns ) ; 8tapfir:inst|lpm_shiftreg:inst6|dffs[4]                                ; 8tapfir:inst|lpm_shiftreg:inst6|dffs[3]                                ; clk        ; clk      ; None                        ; None                      ; 0.538 ns                ;
; N/A   ; Restricted to 420.17 MHz ( period = 2.380 ns ) ; 8tapfir:inst|lpm_shiftreg:inst10|dffs[1]                               ; 8tapfir:inst|lpm_shiftreg:inst10|dffs[0]                               ; clk        ; clk      ; None                        ; None                      ; 0.536 ns                ;
; N/A   ; Restricted to 420.17 MHz ( period = 2.380 ns ) ; 8tapfir:inst|lpm_shiftreg:inst10|dffs[2]                               ; 8tapfir:inst|lpm_shiftreg:inst10|dffs[1]                               ; clk        ; clk      ; None                        ; None                      ; 0.536 ns                ;
; N/A   ; Restricted to 420.17 MHz ( period = 2.380 ns ) ; 8tapfir:inst|lpm_shiftreg:inst11|dffs[2]                               ; 8tapfir:inst|lpm_shiftreg:inst11|dffs[1]                               ; clk        ; clk      ; None                        ; None                      ; 0.535 ns                ;
; N/A   ; Restricted to 420.17 MHz ( period = 2.380 ns ) ; 8tapfir:inst|lpm_shiftreg:inst7|dffs[2]                                ; 8tapfir:inst|lpm_shiftreg:inst7|dffs[1]                                ; clk        ; clk      ; None                        ; None                      ; 0.528 ns                ;
; N/A   ; Restricted to 420.17 MHz ( period = 2.380 ns ) ; 8tapfir:inst|summator:inst2|inst2                                      ; 8tapfir:inst|summator:inst2|inst2                                      ; clk        ; clk      ; None                        ; None                      ; 0.407 ns                ;
; N/A   ; Restricted to 420.17 MHz ( period = 2.380 ns ) ; 8tapfir:inst|summator:inst3|inst2                                      ; 8tapfir:inst|summator:inst3|inst2                                      ; clk        ; clk      ; None                        ; None                      ; 0.407 ns                ;
; N/A   ; Restricted to 420.17 MHz ( period = 2.380 ns ) ; 8tapfir:inst|summator:inst1|inst2                                      ; 8tapfir:inst|summator:inst1|inst2                                      ; clk        ; clk      ; None                        ; None                      ; 0.407 ns                ;
; N/A   ; Restricted to 420.17 MHz ( period = 2.380 ns ) ; 8tapfir:inst|summator:inst|inst2                                       ; 8tapfir:inst|summator:inst|inst2                                       ; clk        ; clk      ; None                        ; None                      ; 0.407 ns                ;
+-------+------------------------------------------------+------------------------------------------------------------------------+------------------------------------------------------------------------+------------+----------+-----------------------------+---------------------------+-------------------------+


+---------------------------------------------------------------------------------------------------------------------------------------+
; tsu                                                                                                                                   ;
+-------+--------------+------------+---------------+------------------------------------------------------------------------+----------+
; Slack ; Required tsu ; Actual tsu ; From          ; To                                                                     ; To Clock ;
+-------+--------------+------------+---------------+------------------------------------------------------------------------+----------+
; N/A   ; None         ; 6.429 ns   ; add_sub       ; mac:inst7|lpm_add_sub:inst|add_sub_pth:auto_generated|pipeline_dffe[4] ; clk      ;
; N/A   ; None         ; 6.046 ns   ; add_sub       ; mac:inst7|lpm_add_sub:inst|add_sub_pth:auto_generated|pipeline_dffe[3] ; clk      ;
; N/A   ; None         ; 5.672 ns   ; add_sub       ; mac:inst7|lpm_add_sub:inst|add_sub_pth:auto_generated|pipeline_dffe[2] ; clk      ;
; N/A   ; None         ; 5.601 ns   ; add_sub       ; mac:inst7|lpm_add_sub:inst|add_sub_pth:auto_generated|pipeline_dffe[1] ; clk      ;
; N/A   ; None         ; 5.259 ns   ; nReset[2]     ; mac:inst7|lpm_add_sub:inst|add_sub_pth:auto_generated|pipeline_dffe[4] ; clk      ;
; N/A   ; None         ; 5.218 ns   ; add_sub       ; mac:inst7|lpm_add_sub:inst|add_sub_pth:auto_generated|pipeline_dffe[0] ; clk      ;
; N/A   ; None         ; 5.188 ns   ; nReset[2]     ; mac:inst7|lpm_add_sub:inst|add_sub_pth:auto_generated|pipeline_dffe[3] ; clk      ;
; N/A   ; None         ; 5.012 ns   ; nReset[3]     ; mac:inst7|lpm_add_sub:inst|add_sub_pth:auto_generated|pipeline_dffe[4] ; clk      ;
; N/A   ; None         ; 4.800 ns   ; nReset[2]     ; mac:inst7|lpm_add_sub:inst|add_sub_pth:auto_generated|pipeline_dffe[2] ; clk      ;
; N/A   ; None         ; 4.730 ns   ; en            ; 8tapfir:inst|lpm_shiftreg:inst8|dffs[0]                                ; clk      ;
; N/A   ; None         ; 4.730 ns   ; en            ; 8tapfir:inst|lpm_shiftreg:inst7|dffs[0]                                ; clk      ;
; N/A   ; None         ; 4.730 ns   ; en            ; 8tapfir:inst|lpm_shiftreg:inst11|dffs[0]                               ; clk      ;
; N/A   ; None         ; 4.730 ns   ; en            ; lpm_shiftreg:inst4|dffs[0]                                             ; clk      ;
; N/A   ; None         ; 4.730 ns   ; en            ; 8tapfir:inst|lpm_shiftreg:inst9|dffs[4]                                ; clk      ;
; N/A   ; None         ; 4.730 ns   ; en            ; 8tapfir:inst|lpm_shiftreg:inst8|dffs[4]                                ; clk      ;
; N/A   ; None         ; 4.634 ns   ; en            ; 8tapfir:inst|lpm_shiftreg:inst7|dffs[1]                                ; clk      ;
; N/A   ; None         ; 4.634 ns   ; en            ; 8tapfir:inst|lpm_shiftreg:inst7|dffs[2]                                ; clk      ;
; N/A   ; None         ; 4.626 ns   ; nReset[3]     ; mac:inst7|lpm_add_sub:inst|add_sub_pth:auto_generated|pipeline_dffe[3] ; clk      ;
; N/A   ; None         ; 4.619 ns   ; nReset[4]     ; mac:inst7|lpm_add_sub:inst|add_sub_pth:auto_generated|pipeline_dffe[4] ; clk      ;
; N/A   ; None         ; 4.458 ns   ; en            ; 8tapfir:inst|lpm_shiftreg:inst9|dffs[0]                                ; clk      ;
; N/A   ; None         ; 4.458 ns   ; en            ; 8tapfir:inst|lpm_shiftreg:inst10|dffs[0]                               ; clk      ;
; N/A   ; None         ; 4.458 ns   ; en            ; 8tapfir:inst|lpm_shiftreg:inst9|dffs[1]                                ; clk      ;
; N/A   ; None         ; 4.458 ns   ; en            ; 8tapfir:inst|lpm_shiftreg:inst8|dffs[1]                                ; clk      ;
; N/A   ; None         ; 4.458 ns   ; en            ; 8tapfir:inst|lpm_shiftreg:inst9|dffs[2]                                ; clk      ;
; N/A   ; None         ; 4.458 ns   ; en            ; 8tapfir:inst|lpm_shiftreg:inst10|dffs[1]                               ; clk      ;
; N/A   ; None         ; 4.458 ns   ; en            ; 8tapfir:inst|lpm_shiftreg:inst11|dffs[1]                               ; clk      ;
; N/A   ; None         ; 4.458 ns   ; en            ; 8tapfir:inst|lpm_shiftreg:inst9|dffs[3]                                ; clk      ;
; N/A   ; None         ; 4.458 ns   ; en            ; 8tapfir:inst|lpm_shiftreg:inst8|dffs[2]                                ; clk      ;
; N/A   ; None         ; 4.458 ns   ; en            ; 8tapfir:inst|lpm_shiftreg:inst10|dffs[2]                               ; clk      ;
; N/A   ; None         ; 4.458 ns   ; en            ; 8tapfir:inst|lpm_shiftreg:inst11|dffs[2]                               ; clk      ;
; N/A   ; None         ; 4.458 ns   ; en            ; 8tapfir:inst|lpm_shiftreg:inst11|dffs[3]                               ; clk      ;
; N/A   ; None         ; 4.458 ns   ; en            ; 8tapfir:inst|lpm_shiftreg:inst8|dffs[3]                                ; clk      ;
; N/A   ; None         ; 4.458 ns   ; en            ; 8tapfir:inst|lpm_shiftreg:inst10|dffs[3]                               ; clk      ;
; N/A   ; None         ; 4.458 ns   ; en            ; 8tapfir:inst|lpm_shiftreg:inst11|dffs[4]                               ; clk      ;
; N/A   ; None         ; 4.458 ns   ; en            ; 8tapfir:inst|lpm_shiftreg:inst10|dffs[4]                               ; clk      ;
; N/A   ; None         ; 4.332 ns   ; en            ; 8tapfir:inst|lpm_shiftreg:inst6|dffs[0]                                ; clk      ;
; N/A   ; None         ; 4.332 ns   ; en            ; 8tapfir:inst|lpm_shiftreg:inst4|dffs[0]                                ; clk      ;
; N/A   ; None         ; 4.332 ns   ; en            ; 8tapfir:inst|lpm_shiftreg:inst4|dffs[1]                                ; clk      ;
; N/A   ; None         ; 4.332 ns   ; en            ; 8tapfir:inst|lpm_shiftreg:inst6|dffs[1]                                ; clk      ;
; N/A   ; None         ; 4.332 ns   ; en            ; 8tapfir:inst|lpm_shiftreg:inst4|dffs[2]                                ; clk      ;
; N/A   ; None         ; 4.332 ns   ; en            ; lpm_shiftreg:inst4|dffs[1]                                             ; clk      ;
; N/A   ; None         ; 4.332 ns   ; en            ; 8tapfir:inst|lpm_shiftreg:inst6|dffs[2]                                ; clk      ;
; N/A   ; None         ; 4.332 ns   ; en            ; 8tapfir:inst|lpm_shiftreg:inst4|dffs[3]                                ; clk      ;
; N/A   ; None         ; 4.332 ns   ; en            ; lpm_shiftreg:inst4|dffs[2]                                             ; clk      ;
; N/A   ; None         ; 4.332 ns   ; en            ; 8tapfir:inst|lpm_shiftreg:inst7|dffs[3]                                ; clk      ;
; N/A   ; None         ; 4.332 ns   ; en            ; 8tapfir:inst|lpm_shiftreg:inst6|dffs[3]                                ; clk      ;
; N/A   ; None         ; 4.332 ns   ; en            ; 8tapfir:inst|lpm_shiftreg:inst4|dffs[4]                                ; clk      ;
; N/A   ; None         ; 4.332 ns   ; en            ; lpm_shiftreg:inst4|dffs[3]                                             ; clk      ;
; N/A   ; None         ; 4.332 ns   ; en            ; 8tapfir:inst|lpm_shiftreg:inst7|dffs[4]                                ; clk      ;
; N/A   ; None         ; 4.332 ns   ; en            ; 8tapfir:inst|lpm_shiftreg:inst6|dffs[4]                                ; clk      ;
; N/A   ; None         ; 4.332 ns   ; en            ; lpm_shiftreg:inst4|dffs[4]                                             ; clk      ;
; N/A   ; None         ; 4.219 ns   ; load          ; lpm_shiftreg:inst4|dffs[4]                                             ; clk      ;
; N/A   ; None         ; 4.214 ns   ; load          ; lpm_shiftreg:inst4|dffs[3]                                             ; clk      ;
; N/A   ; None         ; 4.190 ns   ; load          ; lpm_shiftreg:inst4|dffs[1]                                             ; clk      ;
; N/A   ; None         ; 4.190 ns   ; load          ; lpm_shiftreg:inst4|dffs[2]                                             ; clk      ;
; N/A   ; None         ; 4.187 ns   ; nFirst        ; 8tapfir:inst|summator:inst3|inst2                                      ; clk      ;
; N/A   ; None         ; 4.186 ns   ; nFirst        ; 8tapfir:inst|summator:inst2|inst2                                      ; clk      ;
; N/A   ; None         ; 4.184 ns   ; nFirst        ; 8tapfir:inst|summator:inst|inst1                                       ; clk      ;
; N/A   ; None         ; 4.182 ns   ; nFirst        ; 8tapfir:inst|summator:inst1|inst2                                      ; clk      ;
; N/A   ; None         ; 4.182 ns   ; nFirst        ; 8tapfir:inst|summator:inst|inst2                                       ; clk      ;
; N/A   ; None         ; 4.107 ns   ; input_data[0] ; lpm_shiftreg:inst4|dffs[0]                                             ; clk      ;
; N/A   ; None         ; 4.048 ns   ; nFirst        ; 8tapfir:inst|summator:inst3|inst1                                      ; clk      ;
; N/A   ; None         ; 4.046 ns   ; nFirst        ; 8tapfir:inst|summator:inst1|inst1                                      ; clk      ;
; N/A   ; None         ; 4.041 ns   ; nFirst        ; 8tapfir:inst|summator:inst2|inst1                                      ; clk      ;
; N/A   ; None         ; 4.011 ns   ; load          ; lpm_shiftreg:inst4|dffs[0]                                             ; clk      ;
; N/A   ; None         ; 3.970 ns   ; input_data[3] ; lpm_shiftreg:inst4|dffs[3]                                             ; clk      ;
; N/A   ; None         ; 3.937 ns   ; input_data[3] ; lpm_shiftreg:inst4|dffs[4]                                             ; clk      ;
; N/A   ; None         ; 1.586 ns   ; nReset[0]     ; mac:inst7|lpm_add_sub:inst|add_sub_pth:auto_generated|pipeline_dffe[4] ; clk      ;
; N/A   ; None         ; 1.527 ns   ; nReset[1]     ; mac:inst7|lpm_add_sub:inst|add_sub_pth:auto_generated|pipeline_dffe[4] ; clk      ;
; N/A   ; None         ; 1.515 ns   ; nReset[0]     ; mac:inst7|lpm_add_sub:inst|add_sub_pth:auto_generated|pipeline_dffe[3] ; clk      ;
; N/A   ; None         ; 1.456 ns   ; nReset[1]     ; mac:inst7|lpm_add_sub:inst|add_sub_pth:auto_generated|pipeline_dffe[3] ; clk      ;
; N/A   ; None         ; 1.444 ns   ; nReset[0]     ; mac:inst7|lpm_add_sub:inst|add_sub_pth:auto_generated|pipeline_dffe[2] ; clk      ;
; N/A   ; None         ; 1.385 ns   ; nReset[1]     ; mac:inst7|lpm_add_sub:inst|add_sub_pth:auto_generated|pipeline_dffe[2] ; clk      ;
; N/A   ; None         ; 1.373 ns   ; nReset[0]     ; mac:inst7|lpm_add_sub:inst|add_sub_pth:auto_generated|pipeline_dffe[1] ; clk      ;
; N/A   ; None         ; 1.002 ns   ; nReset[1]     ; mac:inst7|lpm_add_sub:inst|add_sub_pth:auto_generated|pipeline_dffe[1] ; clk      ;
; N/A   ; None         ; 0.985 ns   ; nReset[0]     ; mac:inst7|lpm_add_sub:inst|add_sub_pth:auto_generated|pipeline_dffe[0] ; clk      ;
; N/A   ; None         ; -0.057 ns  ; input_data[1] ; lpm_shiftreg:inst4|dffs[1]                                             ; clk      ;
; N/A   ; None         ; -0.094 ns  ; input_data[2] ; lpm_shiftreg:inst4|dffs[2]                                             ; clk      ;
+-------+--------------+------------+---------------+------------------------------------------------------------------------+----------+


+-----------------------------------------------------------------------------------------------------------------------------------+
; tco                                                                                                                               ;
+-------+--------------+------------+------------------------------------------------------------------------+---------+------------+
; Slack ; Required tco ; Actual tco ; From                                                                   ; To      ; From Clock ;
+-------+--------------+------------+------------------------------------------------------------------------+---------+------------+
; N/A   ; None         ; 7.596 ns   ; lpm_shiftreg:inst4|dffs[0]                                             ; outtttt ; clk        ;
; N/A   ; None         ; 7.223 ns   ; mac:inst7|lpm_add_sub:inst|add_sub_pth:auto_generated|pipeline_dffe[2] ; out[6]  ; clk        ;
; N/A   ; None         ; 7.205 ns   ; mac:inst7|lpm_add_sub:inst|add_sub_pth:auto_generated|pipeline_dffe[1] ; out[5]  ; clk        ;
; N/A   ; None         ; 7.005 ns   ; mac:inst7|lpm_add_sub:inst|add_sub_pth:auto_generated|pipeline_dffe[0] ; out[4]  ; clk        ;
; N/A   ; None         ; 6.936 ns   ; mac:inst7|lpm_add_sub:inst|add_sub_pth:auto_generated|pipeline_dffe[4] ; out[8]  ; clk        ;
; N/A   ; None         ; 6.709 ns   ; mac:inst7|lpm_add_sub:inst|add_sub_pth:auto_generated|pipeline_dffe[3] ; out[7]  ; clk        ;
; N/A   ; None         ; 6.654 ns   ; mac:inst7|lpm_shiftreg:inst1|dffs[3]                                   ; out[3]  ; clk        ;
; N/A   ; None         ; 5.973 ns   ; mac:inst7|lpm_shiftreg:inst1|dffs[1]                                   ; out[1]  ; clk        ;
; N/A   ; None         ; 5.966 ns   ; mac:inst7|lpm_shiftreg:inst1|dffs[2]                                   ; out[2]  ; clk        ;
; N/A   ; None         ; 5.956 ns   ; mac:inst7|lpm_shiftreg:inst1|dffs[0]                                   ; out[0]  ; clk        ;
+-------+--------------+------------+------------------------------------------------------------------------+---------+------------+


+---------------------------------------------------------------------------------------------------------------------------------------------+
; th                                                                                                                                          ;
+---------------+-------------+-----------+---------------+------------------------------------------------------------------------+----------+
; Minimum Slack ; Required th ; Actual th ; From          ; To                                                                     ; To Clock ;
+---------------+-------------+-----------+---------------+------------------------------------------------------------------------+----------+
; N/A           ; None        ; 0.324 ns  ; input_data[2] ; lpm_shiftreg:inst4|dffs[2]                                             ; clk      ;
; N/A           ; None        ; 0.287 ns  ; input_data[1] ; lpm_shiftreg:inst4|dffs[1]                                             ; clk      ;
; N/A           ; None        ; -0.755 ns ; nReset[0]     ; mac:inst7|lpm_add_sub:inst|add_sub_pth:auto_generated|pipeline_dffe[0] ; clk      ;
; N/A           ; None        ; -0.772 ns ; nReset[1]     ; mac:inst7|lpm_add_sub:inst|add_sub_pth:auto_generated|pipeline_dffe[1] ; clk      ;
; N/A           ; None        ; -1.143 ns ; nReset[0]     ; mac:inst7|lpm_add_sub:inst|add_sub_pth:auto_generated|pipeline_dffe[1] ; clk      ;
; N/A           ; None        ; -1.155 ns ; nReset[1]     ; mac:inst7|lpm_add_sub:inst|add_sub_pth:auto_generated|pipeline_dffe[2] ; clk      ;
; N/A           ; None        ; -1.214 ns ; nReset[0]     ; mac:inst7|lpm_add_sub:inst|add_sub_pth:auto_generated|pipeline_dffe[2] ; clk      ;
; N/A           ; None        ; -1.226 ns ; nReset[1]     ; mac:inst7|lpm_add_sub:inst|add_sub_pth:auto_generated|pipeline_dffe[3] ; clk      ;
; N/A           ; None        ; -1.285 ns ; nReset[0]     ; mac:inst7|lpm_add_sub:inst|add_sub_pth:auto_generated|pipeline_dffe[3] ; clk      ;
; N/A           ; None        ; -1.297 ns ; nReset[1]     ; mac:inst7|lpm_add_sub:inst|add_sub_pth:auto_generated|pipeline_dffe[4] ; clk      ;
; N/A           ; None        ; -1.356 ns ; nReset[0]     ; mac:inst7|lpm_add_sub:inst|add_sub_pth:auto_generated|pipeline_dffe[4] ; clk      ;
; N/A           ; None        ; -3.707 ns ; input_data[3] ; lpm_shiftreg:inst4|dffs[4]                                             ; clk      ;
; N/A           ; None        ; -3.740 ns ; input_data[3] ; lpm_shiftreg:inst4|dffs[3]                                             ; clk      ;
; N/A           ; None        ; -3.781 ns ; load          ; lpm_shiftreg:inst4|dffs[0]                                             ; clk      ;
; N/A           ; None        ; -3.811 ns ; nFirst        ; 8tapfir:inst|summator:inst2|inst1                                      ; clk      ;
; N/A           ; None        ; -3.816 ns ; nFirst        ; 8tapfir:inst|summator:inst1|inst1                                      ; clk      ;
; N/A           ; None        ; -3.818 ns ; nFirst        ; 8tapfir:inst|summator:inst3|inst1                                      ; clk      ;
; N/A           ; None        ; -3.877 ns ; input_data[0] ; lpm_shiftreg:inst4|dffs[0]                                             ; clk      ;
; N/A           ; None        ; -3.952 ns ; nFirst        ; 8tapfir:inst|summator:inst1|inst2                                      ; clk      ;
; N/A           ; None        ; -3.952 ns ; nFirst        ; 8tapfir:inst|summator:inst|inst2                                       ; clk      ;
; N/A           ; None        ; -3.954 ns ; nFirst        ; 8tapfir:inst|summator:inst|inst1                                       ; clk      ;
; N/A           ; None        ; -3.956 ns ; nFirst        ; 8tapfir:inst|summator:inst2|inst2                                      ; clk      ;
; N/A           ; None        ; -3.957 ns ; nFirst        ; 8tapfir:inst|summator:inst3|inst2                                      ; clk      ;
; N/A           ; None        ; -3.960 ns ; load          ; lpm_shiftreg:inst4|dffs[1]                                             ; clk      ;
; N/A           ; None        ; -3.960 ns ; load          ; lpm_shiftreg:inst4|dffs[2]                                             ; clk      ;
; N/A           ; None        ; -3.984 ns ; load          ; lpm_shiftreg:inst4|dffs[3]                                             ; clk      ;
; N/A           ; None        ; -3.989 ns ; load          ; lpm_shiftreg:inst4|dffs[4]                                             ; clk      ;
; N/A           ; None        ; -4.102 ns ; en            ; 8tapfir:inst|lpm_shiftreg:inst6|dffs[0]                                ; clk      ;
; N/A           ; None        ; -4.102 ns ; en            ; 8tapfir:inst|lpm_shiftreg:inst4|dffs[0]                                ; clk      ;
; N/A           ; None        ; -4.102 ns ; en            ; 8tapfir:inst|lpm_shiftreg:inst4|dffs[1]                                ; clk      ;
; N/A           ; None        ; -4.102 ns ; en            ; 8tapfir:inst|lpm_shiftreg:inst6|dffs[1]                                ; clk      ;
; N/A           ; None        ; -4.102 ns ; en            ; 8tapfir:inst|lpm_shiftreg:inst4|dffs[2]                                ; clk      ;
; N/A           ; None        ; -4.102 ns ; en            ; lpm_shiftreg:inst4|dffs[1]                                             ; clk      ;
; N/A           ; None        ; -4.102 ns ; en            ; 8tapfir:inst|lpm_shiftreg:inst6|dffs[2]                                ; clk      ;
; N/A           ; None        ; -4.102 ns ; en            ; 8tapfir:inst|lpm_shiftreg:inst4|dffs[3]                                ; clk      ;
; N/A           ; None        ; -4.102 ns ; en            ; lpm_shiftreg:inst4|dffs[2]                                             ; clk      ;
; N/A           ; None        ; -4.102 ns ; en            ; 8tapfir:inst|lpm_shiftreg:inst7|dffs[3]                                ; clk      ;
; N/A           ; None        ; -4.102 ns ; en            ; 8tapfir:inst|lpm_shiftreg:inst6|dffs[3]                                ; clk      ;
; N/A           ; None        ; -4.102 ns ; en            ; 8tapfir:inst|lpm_shiftreg:inst4|dffs[4]                                ; clk      ;
; N/A           ; None        ; -4.102 ns ; en            ; lpm_shiftreg:inst4|dffs[3]                                             ; clk      ;
; N/A           ; None        ; -4.102 ns ; en            ; 8tapfir:inst|lpm_shiftreg:inst7|dffs[4]                                ; clk      ;
; N/A           ; None        ; -4.102 ns ; en            ; 8tapfir:inst|lpm_shiftreg:inst6|dffs[4]                                ; clk      ;
; N/A           ; None        ; -4.102 ns ; en            ; lpm_shiftreg:inst4|dffs[4]                                             ; clk      ;
; N/A           ; None        ; -4.228 ns ; en            ; 8tapfir:inst|lpm_shiftreg:inst9|dffs[0]                                ; clk      ;
; N/A           ; None        ; -4.228 ns ; en            ; 8tapfir:inst|lpm_shiftreg:inst10|dffs[0]                               ; clk      ;
; N/A           ; None        ; -4.228 ns ; en            ; 8tapfir:inst|lpm_shiftreg:inst9|dffs[1]                                ; clk      ;
; N/A           ; None        ; -4.228 ns ; en            ; 8tapfir:inst|lpm_shiftreg:inst8|dffs[1]                                ; clk      ;
; N/A           ; None        ; -4.228 ns ; en            ; 8tapfir:inst|lpm_shiftreg:inst9|dffs[2]                                ; clk      ;
; N/A           ; None        ; -4.228 ns ; en            ; 8tapfir:inst|lpm_shiftreg:inst10|dffs[1]                               ; clk      ;
; N/A           ; None        ; -4.228 ns ; en            ; 8tapfir:inst|lpm_shiftreg:inst11|dffs[1]                               ; clk      ;
; N/A           ; None        ; -4.228 ns ; en            ; 8tapfir:inst|lpm_shiftreg:inst9|dffs[3]                                ; clk      ;
; N/A           ; None        ; -4.228 ns ; en            ; 8tapfir:inst|lpm_shiftreg:inst8|dffs[2]                                ; clk      ;
; N/A           ; None        ; -4.228 ns ; en            ; 8tapfir:inst|lpm_shiftreg:inst10|dffs[2]                               ; clk      ;
; N/A           ; None        ; -4.228 ns ; en            ; 8tapfir:inst|lpm_shiftreg:inst11|dffs[2]                               ; clk      ;
; N/A           ; None        ; -4.228 ns ; en            ; 8tapfir:inst|lpm_shiftreg:inst11|dffs[3]                               ; clk      ;
; N/A           ; None        ; -4.228 ns ; en            ; 8tapfir:inst|lpm_shiftreg:inst8|dffs[3]                                ; clk      ;
; N/A           ; None        ; -4.228 ns ; en            ; 8tapfir:inst|lpm_shiftreg:inst10|dffs[3]                               ; clk      ;
; N/A           ; None        ; -4.228 ns ; en            ; 8tapfir:inst|lpm_shiftreg:inst11|dffs[4]                               ; clk      ;
; N/A           ; None        ; -4.228 ns ; en            ; 8tapfir:inst|lpm_shiftreg:inst10|dffs[4]                               ; clk      ;
; N/A           ; None        ; -4.389 ns ; nReset[4]     ; mac:inst7|lpm_add_sub:inst|add_sub_pth:auto_generated|pipeline_dffe[4] ; clk      ;
; N/A           ; None        ; -4.396 ns ; nReset[3]     ; mac:inst7|lpm_add_sub:inst|add_sub_pth:auto_generated|pipeline_dffe[3] ; clk      ;
; N/A           ; None        ; -4.404 ns ; en            ; 8tapfir:inst|lpm_shiftreg:inst7|dffs[1]                                ; clk      ;
; N/A           ; None        ; -4.404 ns ; en            ; 8tapfir:inst|lpm_shiftreg:inst7|dffs[2]                                ; clk      ;
; N/A           ; None        ; -4.494 ns ; add_sub       ; mac:inst7|lpm_add_sub:inst|add_sub_pth:auto_generated|pipeline_dffe[4] ; clk      ;
; N/A           ; None        ; -4.500 ns ; en            ; 8tapfir:inst|lpm_shiftreg:inst8|dffs[0]                                ; clk      ;
; N/A           ; None        ; -4.500 ns ; en            ; 8tapfir:inst|lpm_shiftreg:inst7|dffs[0]                                ; clk      ;
; N/A           ; None        ; -4.500 ns ; en            ; 8tapfir:inst|lpm_shiftreg:inst11|dffs[0]                               ; clk      ;
; N/A           ; None        ; -4.500 ns ; en            ; lpm_shiftreg:inst4|dffs[0]                                             ; clk      ;
; N/A           ; None        ; -4.500 ns ; en            ; 8tapfir:inst|lpm_shiftreg:inst9|dffs[4]                                ; clk      ;
; N/A           ; None        ; -4.500 ns ; en            ; 8tapfir:inst|lpm_shiftreg:inst8|dffs[4]                                ; clk      ;
; N/A           ; None        ; -4.570 ns ; nReset[2]     ; mac:inst7|lpm_add_sub:inst|add_sub_pth:auto_generated|pipeline_dffe[2] ; clk      ;
; N/A           ; None        ; -4.782 ns ; nReset[3]     ; mac:inst7|lpm_add_sub:inst|add_sub_pth:auto_generated|pipeline_dffe[4] ; clk      ;
; N/A           ; None        ; -4.881 ns ; add_sub       ; mac:inst7|lpm_add_sub:inst|add_sub_pth:auto_generated|pipeline_dffe[0] ; clk      ;
; N/A           ; None        ; -4.952 ns ; add_sub       ; mac:inst7|lpm_add_sub:inst|add_sub_pth:auto_generated|pipeline_dffe[1] ; clk      ;
; N/A           ; None        ; -4.958 ns ; nReset[2]     ; mac:inst7|lpm_add_sub:inst|add_sub_pth:auto_generated|pipeline_dffe[3] ; clk      ;
; N/A           ; None        ; -4.985 ns ; add_sub       ; mac:inst7|lpm_add_sub:inst|add_sub_pth:auto_generated|pipeline_dffe[2] ; clk      ;
; N/A           ; None        ; -5.029 ns ; nReset[2]     ; mac:inst7|lpm_add_sub:inst|add_sub_pth:auto_generated|pipeline_dffe[4] ; clk      ;
; N/A           ; None        ; -5.094 ns ; add_sub       ; mac:inst7|lpm_add_sub:inst|add_sub_pth:auto_generated|pipeline_dffe[3] ; clk      ;
+---------------+-------------+-----------+---------------+------------------------------------------------------------------------+----------+


+--------------------------+
; Timing Analyzer Messages ;
+--------------------------+
Info: *******************************************************************
Info: Running Quartus II Classic Timing Analyzer
    Info: Version 9.1 Build 222 10/21/2009 SJ Web Edition
    Info: Processing started: Sun Apr 14 17:34:52 2024
Info: Command: quartus_tan --read_settings_files=off --write_settings_files=off Filter_1 -c Filter_1 --timing_analysis_only
Warning: Found pins functioning as undefined clocks and/or memory enables
    Info: Assuming node "clk" is an undefined clock
Info: Clock "clk" has Internal fmax of 406.83 MHz between source register "8tapfir:inst|lut16:inst5|DATA[3]" and destination register "mac:inst7|lpm_add_sub:inst|add_sub_pth:auto_generated|pipeline_dffe[4]" (period= 2.458 ns)
    Info: + Longest register to register delay is 2.255 ns
        Info: 1: + IC(0.000 ns) + CELL(0.000 ns) = 0.000 ns; Loc. = LCFF_X21_Y7_N19; Fanout = 1; REG Node = '8tapfir:inst|lut16:inst5|DATA[3]'
        Info: 2: + IC(0.308 ns) + CELL(0.150 ns) = 0.458 ns; Loc. = LCCOMB_X21_Y7_N20; Fanout = 2; COMB Node = 'mac:inst7|lpm_add_sub:inst|add_sub_pth:auto_generated|_~0'
        Info: 3: + IC(0.910 ns) + CELL(0.393 ns) = 1.761 ns; Loc. = LCCOMB_X18_Y8_N10; Fanout = 1; COMB Node = 'mac:inst7|lpm_add_sub:inst|add_sub_pth:auto_generated|pipeline_dffe[3]~14'
        Info: 4: + IC(0.000 ns) + CELL(0.410 ns) = 2.171 ns; Loc. = LCCOMB_X18_Y8_N12; Fanout = 1; COMB Node = 'mac:inst7|lpm_add_sub:inst|add_sub_pth:auto_generated|pipeline_dffe[4]~15'
        Info: 5: + IC(0.000 ns) + CELL(0.084 ns) = 2.255 ns; Loc. = LCFF_X18_Y8_N13; Fanout = 3; REG Node = 'mac:inst7|lpm_add_sub:inst|add_sub_pth:auto_generated|pipeline_dffe[4]'
        Info: Total cell delay = 1.037 ns ( 45.99 % )
        Info: Total interconnect delay = 1.218 ns ( 54.01 % )
    Info: - Smallest clock skew is 0.011 ns
        Info: + Shortest clock path from clock "clk" to destination register is 2.354 ns
            Info: 1: + IC(0.000 ns) + CELL(0.989 ns) = 0.989 ns; Loc. = PIN_17; Fanout = 1; CLK Node = 'clk'
            Info: 2: + IC(0.122 ns) + CELL(0.000 ns) = 1.111 ns; Loc. = CLKCTRL_G2; Fanout = 61; COMB Node = 'clk~clkctrl'
            Info: 3: + IC(0.706 ns) + CELL(0.537 ns) = 2.354 ns; Loc. = LCFF_X18_Y8_N13; Fanout = 3; REG Node = 'mac:inst7|lpm_add_sub:inst|add_sub_pth:auto_generated|pipeline_dffe[4]'
            Info: Total cell delay = 1.526 ns ( 64.83 % )
            Info: Total interconnect delay = 0.828 ns ( 35.17 % )
        Info: - Longest clock path from clock "clk" to source register is 2.343 ns
            Info: 1: + IC(0.000 ns) + CELL(0.989 ns) = 0.989 ns; Loc. = PIN_17; Fanout = 1; CLK Node = 'clk'
            Info: 2: + IC(0.122 ns) + CELL(0.000 ns) = 1.111 ns; Loc. = CLKCTRL_G2; Fanout = 61; COMB Node = 'clk~clkctrl'
            Info: 3: + IC(0.695 ns) + CELL(0.537 ns) = 2.343 ns; Loc. = LCFF_X21_Y7_N19; Fanout = 1; REG Node = '8tapfir:inst|lut16:inst5|DATA[3]'
            Info: Total cell delay = 1.526 ns ( 65.13 % )
            Info: Total interconnect delay = 0.817 ns ( 34.87 % )
    Info: + Micro clock to output delay of source is 0.250 ns
    Info: + Micro setup delay of destination is -0.036 ns
Info: tsu for register "mac:inst7|lpm_add_sub:inst|add_sub_pth:auto_generated|pipeline_dffe[4]" (data pin = "add_sub", clock pin = "clk") is 6.429 ns
    Info: + Longest pin to register delay is 8.819 ns
        Info: 1: + IC(0.000 ns) + CELL(0.850 ns) = 0.850 ns; Loc. = PIN_51; Fanout = 6; PIN Node = 'add_sub'
        Info: 2: + IC(5.897 ns) + CELL(0.275 ns) = 7.022 ns; Loc. = LCCOMB_X21_Y7_N20; Fanout = 2; COMB Node = 'mac:inst7|lpm_add_sub:inst|add_sub_pth:auto_generated|_~0'
        Info: 3: + IC(0.910 ns) + CELL(0.393 ns) = 8.325 ns; Loc. = LCCOMB_X18_Y8_N10; Fanout = 1; COMB Node = 'mac:inst7|lpm_add_sub:inst|add_sub_pth:auto_generated|pipeline_dffe[3]~14'
        Info: 4: + IC(0.000 ns) + CELL(0.410 ns) = 8.735 ns; Loc. = LCCOMB_X18_Y8_N12; Fanout = 1; COMB Node = 'mac:inst7|lpm_add_sub:inst|add_sub_pth:auto_generated|pipeline_dffe[4]~15'
        Info: 5: + IC(0.000 ns) + CELL(0.084 ns) = 8.819 ns; Loc. = LCFF_X18_Y8_N13; Fanout = 3; REG Node = 'mac:inst7|lpm_add_sub:inst|add_sub_pth:auto_generated|pipeline_dffe[4]'
        Info: Total cell delay = 2.012 ns ( 22.81 % )
        Info: Total interconnect delay = 6.807 ns ( 77.19 % )
    Info: + Micro setup delay of destination is -0.036 ns
    Info: - Shortest clock path from clock "clk" to destination register is 2.354 ns
        Info: 1: + IC(0.000 ns) + CELL(0.989 ns) = 0.989 ns; Loc. = PIN_17; Fanout = 1; CLK Node = 'clk'
        Info: 2: + IC(0.122 ns) + CELL(0.000 ns) = 1.111 ns; Loc. = CLKCTRL_G2; Fanout = 61; COMB Node = 'clk~clkctrl'
        Info: 3: + IC(0.706 ns) + CELL(0.537 ns) = 2.354 ns; Loc. = LCFF_X18_Y8_N13; Fanout = 3; REG Node = 'mac:inst7|lpm_add_sub:inst|add_sub_pth:auto_generated|pipeline_dffe[4]'
        Info: Total cell delay = 1.526 ns ( 64.83 % )
        Info: Total interconnect delay = 0.828 ns ( 35.17 % )
Info: tco from clock "clk" to destination pin "outtttt" through register "lpm_shiftreg:inst4|dffs[0]" is 7.596 ns
    Info: + Longest clock path from clock "clk" to source register is 2.343 ns
        Info: 1: + IC(0.000 ns) + CELL(0.989 ns) = 0.989 ns; Loc. = PIN_17; Fanout = 1; CLK Node = 'clk'
        Info: 2: + IC(0.122 ns) + CELL(0.000 ns) = 1.111 ns; Loc. = CLKCTRL_G2; Fanout = 61; COMB Node = 'clk~clkctrl'
        Info: 3: + IC(0.695 ns) + CELL(0.537 ns) = 2.343 ns; Loc. = LCFF_X21_Y7_N9; Fanout = 4; REG Node = 'lpm_shiftreg:inst4|dffs[0]'
        Info: Total cell delay = 1.526 ns ( 65.13 % )
        Info: Total interconnect delay = 0.817 ns ( 34.87 % )
    Info: + Micro clock to output delay of source is 0.250 ns
    Info: + Longest register to pin delay is 5.003 ns
        Info: 1: + IC(0.000 ns) + CELL(0.000 ns) = 0.000 ns; Loc. = LCFF_X21_Y7_N9; Fanout = 4; REG Node = 'lpm_shiftreg:inst4|dffs[0]'
        Info: 2: + IC(2.361 ns) + CELL(2.642 ns) = 5.003 ns; Loc. = PIN_7; Fanout = 0; PIN Node = 'outtttt'
        Info: Total cell delay = 2.642 ns ( 52.81 % )
        Info: Total interconnect delay = 2.361 ns ( 47.19 % )
Info: th for register "lpm_shiftreg:inst4|dffs[2]" (data pin = "input_data[2]", clock pin = "clk") is 0.324 ns
    Info: + Longest clock path from clock "clk" to destination register is 2.341 ns
        Info: 1: + IC(0.000 ns) + CELL(0.989 ns) = 0.989 ns; Loc. = PIN_17; Fanout = 1; CLK Node = 'clk'
        Info: 2: + IC(0.122 ns) + CELL(0.000 ns) = 1.111 ns; Loc. = CLKCTRL_G2; Fanout = 61; COMB Node = 'clk~clkctrl'
        Info: 3: + IC(0.693 ns) + CELL(0.537 ns) = 2.341 ns; Loc. = LCFF_X20_Y6_N3; Fanout = 1; REG Node = 'lpm_shiftreg:inst4|dffs[2]'
        Info: Total cell delay = 1.526 ns ( 65.19 % )
        Info: Total interconnect delay = 0.815 ns ( 34.81 % )
    Info: + Micro hold delay of destination is 0.266 ns
    Info: - Shortest pin to register delay is 2.283 ns
        Info: 1: + IC(0.000 ns) + CELL(0.999 ns) = 0.999 ns; Loc. = PIN_91; Fanout = 1; PIN Node = 'input_data[2]'
        Info: 2: + IC(1.050 ns) + CELL(0.150 ns) = 2.199 ns; Loc. = LCCOMB_X20_Y6_N2; Fanout = 1; COMB Node = 'lpm_shiftreg:inst4|_~2'
        Info: 3: + IC(0.000 ns) + CELL(0.084 ns) = 2.283 ns; Loc. = LCFF_X20_Y6_N3; Fanout = 1; REG Node = 'lpm_shiftreg:inst4|dffs[2]'
        Info: Total cell delay = 1.233 ns ( 54.01 % )
        Info: Total interconnect delay = 1.050 ns ( 45.99 % )
Info: Quartus II Classic Timing Analyzer was successful. 0 errors, 1 warning
    Info: Peak virtual memory: 171 megabytes
    Info: Processing ended: Sun Apr 14 17:34:52 2024
    Info: Elapsed time: 00:00:00
    Info: Total CPU time (on all processors): 00:00:01


