Analysis & Synthesis report for Filter_1
Sun Apr 14 17:34:41 2024
Quartus II Version 9.1 Build 222 10/21/2009 SJ Web Edition


---------------------
; Table of Contents ;
---------------------
  1. Legal Notice
  2. Analysis & Synthesis Summary
  3. Analysis & Synthesis Settings
  4. Parallel Compilation
  5. Analysis & Synthesis Source Files Read
  6. Analysis & Synthesis Resource Usage Summary
  7. Analysis & Synthesis Resource Utilization by Entity
  8. Registers Removed During Synthesis
  9. General Register Statistics
 10. Parameter Settings for User Entity Instance: LPM_SHIFTREG:inst4
 11. Parameter Settings for User Entity Instance: MySignExtension:inst5
 12. Parameter Settings for User Entity Instance: MAC:inst7
 13. Parameter Settings for User Entity Instance: MAC:inst7|LPM_ADD_SUB:inst
 14. Parameter Settings for User Entity Instance: MAC:inst7|ANDW:inst4
 15. Parameter Settings for User Entity Instance: MAC:inst7|LPM_SHIFTREG:inst1
 16. Parameter Settings for User Entity Instance: 8tapfir:inst
 17. Parameter Settings for User Entity Instance: 8tapfir:inst|LPM_SHIFTREG:inst12
 18. Parameter Settings for User Entity Instance: 8tapfir:inst|LPM_SHIFTREG:inst11
 19. Parameter Settings for User Entity Instance: 8tapfir:inst|LPM_SHIFTREG:inst10
 20. Parameter Settings for User Entity Instance: 8tapfir:inst|LPM_SHIFTREG:inst9
 21. Parameter Settings for User Entity Instance: 8tapfir:inst|LPM_SHIFTREG:inst8
 22. Parameter Settings for User Entity Instance: 8tapfir:inst|LPM_SHIFTREG:inst7
 23. Parameter Settings for User Entity Instance: 8tapfir:inst|LPM_SHIFTREG:inst6
 24. Parameter Settings for User Entity Instance: 8tapfir:inst|LPM_SHIFTREG:inst4
 25. Parameter Settings for User Entity Instance: 8tapfir:inst|lut16:inst5
 26. lpm_shiftreg Parameter Settings by Entity Instance
 27. Analysis & Synthesis Messages



----------------
; Legal Notice ;
----------------
Copyright (C) 1991-2009 Altera Corporation
Your use of Altera Corporation's design tools, logic functions 
and other software and tools, and its AMPP partner logic 
functions, and any output files from any of the foregoing 
(including device programming or simulation files), and any 
associated documentation or information are expressly subject 
to the terms and conditions of the Altera Program License 
Subscription Agreement, Altera MegaCore Function License 
Agreement, or other applicable license agreement, including, 
without limitation, that your use is for the sole purpose of 
programming logic devices manufactured by Altera and sold by 
Altera or its authorized distributors.  Please refer to the 
applicable agreement for further details.



+------------------------------------------------------------------------------+
; Analysis & Synthesis Summary                                                 ;
+------------------------------------+-----------------------------------------+
; Analysis & Synthesis Status        ; Successful - Sun Apr 14 17:34:41 2024   ;
; Quartus II Version                 ; 9.1 Build 222 10/21/2009 SJ Web Edition ;
; Revision Name                      ; Filter_1                                ;
; Top-level Entity Name              ; Filter_1                                ;
; Family                             ; Cyclone II                              ;
; Total logic elements               ; 71                                      ;
;     Total combinational functions  ; 32                                      ;
;     Dedicated logic registers      ; 61                                      ;
; Total registers                    ; 61                                      ;
; Total pins                         ; 24                                      ;
; Total virtual pins                 ; 0                                       ;
; Total memory bits                  ; 0                                       ;
; Embedded Multiplier 9-bit elements ; 0                                       ;
; Total PLLs                         ; 0                                       ;
+------------------------------------+-----------------------------------------+


+----------------------------------------------------------------------------------------------------------------------+
; Analysis & Synthesis Settings                                                                                        ;
+----------------------------------------------------------------------------+--------------------+--------------------+
; Option                                                                     ; Setting            ; Default Value      ;
+----------------------------------------------------------------------------+--------------------+--------------------+
; Device                                                                     ; EP2C5T144C6        ;                    ;
; Top-level entity name                                                      ; Filter_1           ; Filter_1           ;
; Family name                                                                ; Cyclone II         ; Stratix II         ;
; Use Generated Physical Constraints File                                    ; Off                ;                    ;
; Use smart compilation                                                      ; Off                ; Off                ;
; Enable parallel Assembler and TimeQuest Timing Analyzer during compilation ; On                 ; On                 ;
; Enable compact report table                                                ; Off                ; Off                ;
; Restructure Multiplexers                                                   ; Auto               ; Auto               ;
; Create Debugging Nodes for IP Cores                                        ; Off                ; Off                ;
; Preserve fewer node names                                                  ; On                 ; On                 ;
; Disable OpenCore Plus hardware evaluation                                  ; Off                ; Off                ;
; Verilog Version                                                            ; Verilog_2001       ; Verilog_2001       ;
; VHDL Version                                                               ; VHDL_1993          ; VHDL_1993          ;
; State Machine Processing                                                   ; Auto               ; Auto               ;
; Safe State Machine                                                         ; Off                ; Off                ;
; Extract Verilog State Machines                                             ; On                 ; On                 ;
; Extract VHDL State Machines                                                ; On                 ; On                 ;
; Ignore Verilog initial constructs                                          ; Off                ; Off                ;
; Iteration limit for constant Verilog loops                                 ; 5000               ; 5000               ;
; Iteration limit for non-constant Verilog loops                             ; 250                ; 250                ;
; Add Pass-Through Logic to Inferred RAMs                                    ; On                 ; On                 ;
; Parallel Synthesis                                                         ; On                 ; On                 ;
; DSP Block Balancing                                                        ; Auto               ; Auto               ;
; NOT Gate Push-Back                                                         ; On                 ; On                 ;
; Power-Up Don't Care                                                        ; On                 ; On                 ;
; Remove Redundant Logic Cells                                               ; Off                ; Off                ;
; Remove Duplicate Registers                                                 ; On                 ; On                 ;
; Ignore CARRY Buffers                                                       ; Off                ; Off                ;
; Ignore CASCADE Buffers                                                     ; Off                ; Off                ;
; Ignore GLOBAL Buffers                                                      ; Off                ; Off                ;
; Ignore ROW GLOBAL Buffers                                                  ; Off                ; Off                ;
; Ignore LCELL Buffers                                                       ; Off                ; Off                ;
; Ignore SOFT Buffers                                                        ; On                 ; On                 ;
; Limit AHDL Integers to 32 Bits                                             ; Off                ; Off                ;
; Optimization Technique                                                     ; Balanced           ; Balanced           ;
; Carry Chain Length                                                         ; 70                 ; 70                 ;
; Auto Carry Chains                                                          ; On                 ; On                 ;
; Auto Open-Drain Pins                                                       ; On                 ; On                 ;
; Perform WYSIWYG Primitive Resynthesis                                      ; Off                ; Off                ;
; Auto ROM Replacement                                                       ; On                 ; On                 ;
; Auto RAM Replacement                                                       ; On                 ; On                 ;
; Auto Shift Register Replacement                                            ; Auto               ; Auto               ;
; Auto Clock Enable Replacement                                              ; On                 ; On                 ;
; Strict RAM Replacement                                                     ; Off                ; Off                ;
; Allow Synchronous Control Signals                                          ; On                 ; On                 ;
; Force Use of Synchronous Clear Signals                                     ; Off                ; Off                ;
; Auto RAM to Logic Cell Conversion                                          ; Off                ; Off                ;
; Auto Resource Sharing                                                      ; Off                ; Off                ;
; Allow Any RAM Size For Recognition                                         ; Off                ; Off                ;
; Allow Any ROM Size For Recognition                                         ; Off                ; Off                ;
; Allow Any Shift Register Size For Recognition                              ; Off                ; Off                ;
; Use LogicLock Constraints during Resource Balancing                        ; On                 ; On                 ;
; Ignore translate_off and synthesis_off directives                          ; Off                ; Off                ;
; Timing-Driven Synthesis                                                    ; Off                ; Off                ;
; Show Parameter Settings Tables in Synthesis Report                         ; On                 ; On                 ;
; Ignore Maximum Fan-Out Assignments                                         ; Off                ; Off                ;
; Synchronization Register Chain Length                                      ; 2                  ; 2                  ;
; PowerPlay Power Optimization                                               ; Normal compilation ; Normal compilation ;
; HDL message level                                                          ; Level2             ; Level2             ;
; Suppress Register Optimization Related Messages                            ; Off                ; Off                ;
; Number of Removed Registers Reported in Synthesis Report                   ; 100                ; 100                ;
; Number of Inverted Registers Reported in Synthesis Report                  ; 100                ; 100                ;
; Clock MUX Protection                                                       ; On                 ; On                 ;
; Auto Gated Clock Conversion                                                ; Off                ; Off                ;
; Block Design Naming                                                        ; Auto               ; Auto               ;
; SDC constraint protection                                                  ; Off                ; Off                ;
; Synthesis Effort                                                           ; Auto               ; Auto               ;
; Shift Register Replacement - Allow Asynchronous Clear Signal               ; On                 ; On                 ;
; Analysis & Synthesis Message Level                                         ; Medium             ; Medium             ;
; Disable Register Merging Across Hierarchies                                ; Auto               ; Auto               ;
; Resource Aware Inference For Block RAM                                     ; On                 ; On                 ;
+----------------------------------------------------------------------------+--------------------+--------------------+


Parallel compilation was disabled, but you have multiple processors available. Enable parallel compilation to reduce compilation time.
+-------------------------------------+
; Parallel Compilation                ;
+----------------------------+--------+
; Processors                 ; Number ;
+----------------------------+--------+
; Number detected on machine ; 2      ;
; Maximum allowed            ; 1      ;
+----------------------------+--------+


+---------------------------------------------------------------------------------------------------------------------------------------------------------------+
; Analysis & Synthesis Source Files Read                                                                                                                        ;
+----------------------------------+-----------------+------------------------------------------+---------------------------------------------------------------+
; File Name with User-Entered Path ; Used in Netlist ; File Type                                ; File Name with Absolute Path                                  ;
+----------------------------------+-----------------+------------------------------------------+---------------------------------------------------------------+
; Filter_1.bdf                     ; yes             ; User Block Diagram/Schematic File        ; C:/workspace/Filter_1/Filter_1.bdf                            ;
; MySignExtension.vhd              ; yes             ; User VHDL File                           ; C:/workspace/Filter_1/MySignExtension.vhd                     ;
; lpm_shiftreg.tdf                 ; yes             ; Megafunction                             ; d:/altera/91/quartus/libraries/megafunctions/lpm_shiftreg.tdf ;
; mac.bdf                          ; yes             ; Auto-Found Block Diagram/Schematic File  ; C:/workspace/Filter_1/mac.bdf                                 ;
; lpm_add_sub.tdf                  ; yes             ; Megafunction                             ; d:/altera/91/quartus/libraries/megafunctions/lpm_add_sub.tdf  ;
; db/add_sub_pth.tdf               ; yes             ; Auto-Generated Megafunction              ; C:/workspace/Filter_1/db/add_sub_pth.tdf                      ;
; andw.vhd                         ; yes             ; Auto-Found VHDL File                     ; C:/workspace/Filter_1/andw.vhd                                ;
; 8tapfir.bdf                      ; yes             ; Auto-Found Block Diagram/Schematic File  ; C:/workspace/Filter_1/8tapfir.bdf                             ;
; lut16.vhd                        ; yes             ; Auto-Found VHDL File                     ; C:/workspace/Filter_1/lut16.vhd                               ;
; summator.bdf                     ; yes             ; Auto-Found Block Diagram/Schematic File  ; C:/workspace/Filter_1/summator.bdf                            ;
+----------------------------------+-----------------+------------------------------------------+---------------------------------------------------------------+


+-----------------------------------------------------+
; Analysis & Synthesis Resource Usage Summary         ;
+---------------------------------------------+-------+
; Resource                                    ; Usage ;
+---------------------------------------------+-------+
; Estimated Total logic elements              ; 71    ;
;                                             ;       ;
; Total combinational functions               ; 32    ;
; Logic element usage by number of LUT inputs ;       ;
;     -- 4 input functions                    ; 10    ;
;     -- 3 input functions                    ; 9     ;
;     -- <=2 input functions                  ; 13    ;
;                                             ;       ;
; Logic elements by mode                      ;       ;
;     -- normal mode                          ; 27    ;
;     -- arithmetic mode                      ; 5     ;
;                                             ;       ;
; Total registers                             ; 61    ;
;     -- Dedicated logic registers            ; 61    ;
;     -- I/O registers                        ; 0     ;
;                                             ;       ;
; I/O pins                                    ; 24    ;
; Maximum fan-out node                        ; clk   ;
; Maximum fan-out                             ; 61    ;
; Total fan-out                               ; 265   ;
; Average fan-out                             ; 2.26  ;
+---------------------------------------------+-------+


+------------------------------------------------------------------------------------------------------------------------------------------------------------------------------------------------------------------------------------+
; Analysis & Synthesis Resource Utilization by Entity                                                                                                                                                                                ;
+---------------------------------------+-------------------+--------------+-------------+--------------+---------+-----------+------+--------------+-----------------------------------------------------------------+--------------+
; Compilation Hierarchy Node            ; LC Combinationals ; LC Registers ; Memory Bits ; DSP Elements ; DSP 9x9 ; DSP 18x18 ; Pins ; Virtual Pins ; Full Hierarchy Name                                             ; Library Name ;
+---------------------------------------+-------------------+--------------+-------------+--------------+---------+-----------+------+--------------+-----------------------------------------------------------------+--------------+
; |Filter_1                             ; 32 (0)            ; 61 (0)       ; 0           ; 0            ; 0       ; 0         ; 24   ; 0            ; |Filter_1                                                       ; work         ;
;    |8tapfir:inst|                     ; 12 (0)            ; 47 (0)       ; 0           ; 0            ; 0       ; 0         ; 0    ; 0            ; |Filter_1|8tapfir:inst                                          ; work         ;
;       |lpm_shiftreg:inst10|           ; 0 (0)             ; 5 (5)        ; 0           ; 0            ; 0       ; 0         ; 0    ; 0            ; |Filter_1|8tapfir:inst|lpm_shiftreg:inst10                      ; work         ;
;       |lpm_shiftreg:inst11|           ; 0 (0)             ; 5 (5)        ; 0           ; 0            ; 0       ; 0         ; 0    ; 0            ; |Filter_1|8tapfir:inst|lpm_shiftreg:inst11                      ; work         ;
;       |lpm_shiftreg:inst4|            ; 0 (0)             ; 5 (5)        ; 0           ; 0            ; 0       ; 0         ; 0    ; 0            ; |Filter_1|8tapfir:inst|lpm_shiftreg:inst4                       ; work         ;
;       |lpm_shiftreg:inst6|            ; 0 (0)             ; 5 (5)        ; 0           ; 0            ; 0       ; 0         ; 0    ; 0            ; |Filter_1|8tapfir:inst|lpm_shiftreg:inst6                       ; work         ;
;       |lpm_shiftreg:inst7|            ; 0 (0)             ; 5 (5)        ; 0           ; 0            ; 0       ; 0         ; 0    ; 0            ; |Filter_1|8tapfir:inst|lpm_shiftreg:inst7                       ; work         ;
;       |lpm_shiftreg:inst8|            ; 0 (0)             ; 5 (5)        ; 0           ; 0            ; 0       ; 0         ; 0    ; 0            ; |Filter_1|8tapfir:inst|lpm_shiftreg:inst8                       ; work         ;
;       |lpm_shiftreg:inst9|            ; 0 (0)             ; 5 (5)        ; 0           ; 0            ; 0       ; 0         ; 0    ; 0            ; |Filter_1|8tapfir:inst|lpm_shiftreg:inst9                       ; work         ;
;       |lut16:inst5|                   ; 4 (4)             ; 4 (4)        ; 0           ; 0            ; 0       ; 0         ; 0    ; 0            ; |Filter_1|8tapfir:inst|lut16:inst5                              ; work         ;
;       |summator:inst1|                ; 2 (2)             ; 2 (2)        ; 0           ; 0            ; 0       ; 0         ; 0    ; 0            ; |Filter_1|8tapfir:inst|summator:inst1                           ; work         ;
;       |summator:inst2|                ; 2 (2)             ; 2 (2)        ; 0           ; 0            ; 0       ; 0         ; 0    ; 0            ; |Filter_1|8tapfir:inst|summator:inst2                           ; work         ;
;       |summator:inst3|                ; 2 (2)             ; 2 (2)        ; 0           ; 0            ; 0       ; 0         ; 0    ; 0            ; |Filter_1|8tapfir:inst|summator:inst3                           ; work         ;
;       |summator:inst|                 ; 2 (2)             ; 2 (2)        ; 0           ; 0            ; 0       ; 0         ; 0    ; 0            ; |Filter_1|8tapfir:inst|summator:inst                            ; work         ;
;    |lpm_shiftreg:inst4|               ; 5 (5)             ; 5 (5)        ; 0           ; 0            ; 0       ; 0         ; 0    ; 0            ; |Filter_1|lpm_shiftreg:inst4                                    ;              ;
;    |mac:inst7|                        ; 15 (0)            ; 9 (0)        ; 0           ; 0            ; 0       ; 0         ; 0    ; 0            ; |Filter_1|mac:inst7                                             ; work         ;
;       |ANDW:inst4|                    ; 5 (5)             ; 0 (0)        ; 0           ; 0            ; 0       ; 0         ; 0    ; 0            ; |Filter_1|mac:inst7|ANDW:inst4                                  ; work         ;
;       |lpm_add_sub:inst|              ; 10 (0)            ; 5 (0)        ; 0           ; 0            ; 0       ; 0         ; 0    ; 0            ; |Filter_1|mac:inst7|lpm_add_sub:inst                            ; work         ;
;          |add_sub_pth:auto_generated| ; 10 (10)           ; 5 (5)        ; 0           ; 0            ; 0       ; 0         ; 0    ; 0            ; |Filter_1|mac:inst7|lpm_add_sub:inst|add_sub_pth:auto_generated ; work         ;
;       |lpm_shiftreg:inst1|            ; 0 (0)             ; 4 (4)        ; 0           ; 0            ; 0       ; 0         ; 0    ; 0            ; |Filter_1|mac:inst7|lpm_shiftreg:inst1                          ; work         ;
+---------------------------------------+-------------------+--------------+-------------+--------------+---------+-----------+------+--------------+-----------------------------------------------------------------+--------------+
Note: For table entries with two numbers listed, the numbers in parentheses indicate the number of resources of the given type used by the specific entity alone. The numbers listed outside of parentheses indicate the total resources of the given type used by the specific entity and all of its sub-entities in the hierarchy.


+--------------------------------------------------------------------------------+
; Registers Removed During Synthesis                                             ;
+---------------------------------------+----------------------------------------+
; Register name                         ; Reason for Removal                     ;
+---------------------------------------+----------------------------------------+
; 8tapfir:inst|lut16:inst5|DATA[4]      ; Stuck at GND due to stuck port data_in ;
; Total Number of Removed Registers = 1 ;                                        ;
+---------------------------------------+----------------------------------------+


+------------------------------------------------------+
; General Register Statistics                          ;
+----------------------------------------------+-------+
; Statistic                                    ; Value ;
+----------------------------------------------+-------+
; Total registers                              ; 61    ;
; Number of registers using Synchronous Clear  ; 0     ;
; Number of registers using Synchronous Load   ; 0     ;
; Number of registers using Asynchronous Clear ; 0     ;
; Number of registers using Asynchronous Load  ; 0     ;
; Number of registers using Clock Enable       ; 40    ;
; Number of registers using Preset             ; 0     ;
+----------------------------------------------+-------+


+-----------------------------------------------------------------+
; Parameter Settings for User Entity Instance: LPM_SHIFTREG:inst4 ;
+------------------------+------------+---------------------------+
; Parameter Name         ; Value      ; Type                      ;
+------------------------+------------+---------------------------+
; LPM_WIDTH              ; 5          ; Untyped                   ;
; LPM_DIRECTION          ; RIGHT      ; Untyped                   ;
; LPM_AVALUE             ; UNUSED     ; Untyped                   ;
; LPM_SVALUE             ; UNUSED     ; Untyped                   ;
; DEVICE_FAMILY          ; Cyclone II ; Untyped                   ;
; AUTO_CARRY_CHAINS      ; ON         ; AUTO_CARRY                ;
; IGNORE_CARRY_BUFFERS   ; OFF        ; IGNORE_CARRY              ;
; AUTO_CASCADE_CHAINS    ; ON         ; AUTO_CASCADE              ;
; IGNORE_CASCADE_BUFFERS ; OFF        ; IGNORE_CASCADE            ;
+------------------------+------------+---------------------------+
Note: In order to hide this table in the UI and the text report file, please set the "Show Parameter Settings Tables in Synthesis Report" option in "Analysis and Synthesis Settings -> More Settings" to "Off".


+--------------------------------------------------------------------+
; Parameter Settings for User Entity Instance: MySignExtension:inst5 ;
+----------------+-------+-------------------------------------------+
; Parameter Name ; Value ; Type                                      ;
+----------------+-------+-------------------------------------------+
; N              ; 4     ; Signed Integer                            ;
+----------------+-------+-------------------------------------------+
Note: In order to hide this table in the UI and the text report file, please set the "Show Parameter Settings Tables in Synthesis Report" option in "Analysis and Synthesis Settings -> More Settings" to "Off".


+--------------------------------------------------------+
; Parameter Settings for User Entity Instance: MAC:inst7 ;
+----------------+-------+-------------------------------+
; Parameter Name ; Value ; Type                          ;
+----------------+-------+-------------------------------+
; N              ; 4     ; Untyped                       ;
; W              ; 5     ; Untyped                       ;
+----------------+-------+-------------------------------+
Note: In order to hide this table in the UI and the text report file, please set the "Show Parameter Settings Tables in Synthesis Report" option in "Analysis and Synthesis Settings -> More Settings" to "Off".


+-------------------------------------------------------------------------+
; Parameter Settings for User Entity Instance: MAC:inst7|LPM_ADD_SUB:inst ;
+------------------------+-------------+----------------------------------+
; Parameter Name         ; Value       ; Type                             ;
+------------------------+-------------+----------------------------------+
; LPM_WIDTH              ; 5           ; Untyped                          ;
; LPM_REPRESENTATION     ; SIGNED      ; Untyped                          ;
; LPM_DIRECTION          ; DEFAULT     ; Untyped                          ;
; ONE_INPUT_IS_CONSTANT  ; NO          ; Untyped                          ;
; LPM_PIPELINE           ; 1           ; Untyped                          ;
; MAXIMIZE_SPEED         ; 5           ; Untyped                          ;
; REGISTERED_AT_END      ; 0           ; Untyped                          ;
; OPTIMIZE_FOR_SPEED     ; 5           ; Untyped                          ;
; USE_CS_BUFFERS         ; 1           ; Untyped                          ;
; CARRY_CHAIN            ; MANUAL      ; Untyped                          ;
; CARRY_CHAIN_LENGTH     ; 48          ; CARRY_CHAIN_LENGTH               ;
; DEVICE_FAMILY          ; Cyclone II  ; Untyped                          ;
; USE_WYS                ; OFF         ; Untyped                          ;
; STYLE                  ; FAST        ; Untyped                          ;
; CBXI_PARAMETER         ; add_sub_pth ; Untyped                          ;
; AUTO_CARRY_CHAINS      ; ON          ; AUTO_CARRY                       ;
; IGNORE_CARRY_BUFFERS   ; OFF         ; IGNORE_CARRY                     ;
; AUTO_CASCADE_CHAINS    ; ON          ; AUTO_CASCADE                     ;
; IGNORE_CASCADE_BUFFERS ; OFF         ; IGNORE_CASCADE                   ;
+------------------------+-------------+----------------------------------+
Note: In order to hide this table in the UI and the text report file, please set the "Show Parameter Settings Tables in Synthesis Report" option in "Analysis and Synthesis Settings -> More Settings" to "Off".


+-------------------------------------------------------------------+
; Parameter Settings for User Entity Instance: MAC:inst7|ANDW:inst4 ;
+----------------+-------+------------------------------------------+
; Parameter Name ; Value ; Type                                     ;
+----------------+-------+------------------------------------------+
; w              ; 5     ; Signed Integer                           ;
+----------------+-------+------------------------------------------+
Note: In order to hide this table in the UI and the text report file, please set the "Show Parameter Settings Tables in Synthesis Report" option in "Analysis and Synthesis Settings -> More Settings" to "Off".


+---------------------------------------------------------------------------+
; Parameter Settings for User Entity Instance: MAC:inst7|LPM_SHIFTREG:inst1 ;
+------------------------+------------+-------------------------------------+
; Parameter Name         ; Value      ; Type                                ;
+------------------------+------------+-------------------------------------+
; LPM_WIDTH              ; 4          ; Untyped                             ;
; LPM_DIRECTION          ; RIGHT      ; Untyped                             ;
; LPM_AVALUE             ; UNUSED     ; Untyped                             ;
; LPM_SVALUE             ; UNUSED     ; Untyped                             ;
; DEVICE_FAMILY          ; Cyclone II ; Untyped                             ;
; AUTO_CARRY_CHAINS      ; ON         ; AUTO_CARRY                          ;
; IGNORE_CARRY_BUFFERS   ; OFF        ; IGNORE_CARRY                        ;
; AUTO_CASCADE_CHAINS    ; ON         ; AUTO_CASCADE                        ;
; IGNORE_CASCADE_BUFFERS ; OFF        ; IGNORE_CASCADE                      ;
+------------------------+------------+-------------------------------------+
Note: In order to hide this table in the UI and the text report file, please set the "Show Parameter Settings Tables in Synthesis Report" option in "Analysis and Synthesis Settings -> More Settings" to "Off".


+-----------------------------------------------------------+
; Parameter Settings for User Entity Instance: 8tapfir:inst ;
+----------------+-------+----------------------------------+
; Parameter Name ; Value ; Type                             ;
+----------------+-------+----------------------------------+
; C0             ; 1     ; Untyped                          ;
; C1             ; 2     ; Untyped                          ;
; C2             ; 3     ; Untyped                          ;
; C3             ; 4     ; Untyped                          ;
; N              ; 4     ; Untyped                          ;
; W              ; 5     ; Untyped                          ;
+----------------+-------+----------------------------------+
Note: In order to hide this table in the UI and the text report file, please set the "Show Parameter Settings Tables in Synthesis Report" option in "Analysis and Synthesis Settings -> More Settings" to "Off".


+-------------------------------------------------------------------------------+
; Parameter Settings for User Entity Instance: 8tapfir:inst|LPM_SHIFTREG:inst12 ;
+------------------------+------------+-----------------------------------------+
; Parameter Name         ; Value      ; Type                                    ;
+------------------------+------------+-----------------------------------------+
; LPM_WIDTH              ; 5          ; Untyped                                 ;
; LPM_DIRECTION          ; RIGHT      ; Untyped                                 ;
; LPM_AVALUE             ; UNUSED     ; Untyped                                 ;
; LPM_SVALUE             ; UNUSED     ; Untyped                                 ;
; DEVICE_FAMILY          ; Cyclone II ; Untyped                                 ;
; AUTO_CARRY_CHAINS      ; ON         ; AUTO_CARRY                              ;
; IGNORE_CARRY_BUFFERS   ; OFF        ; IGNORE_CARRY                            ;
; AUTO_CASCADE_CHAINS    ; ON         ; AUTO_CASCADE                            ;
; IGNORE_CASCADE_BUFFERS ; OFF        ; IGNORE_CASCADE                          ;
+------------------------+------------+-----------------------------------------+
Note: In order to hide this table in the UI and the text report file, please set the "Show Parameter Settings Tables in Synthesis Report" option in "Analysis and Synthesis Settings -> More Settings" to "Off".


+-------------------------------------------------------------------------------+
; Parameter Settings for User Entity Instance: 8tapfir:inst|LPM_SHIFTREG:inst11 ;
+------------------------+------------+-----------------------------------------+
; Parameter Name         ; Value      ; Type                                    ;
+------------------------+------------+-----------------------------------------+
; LPM_WIDTH              ; 5          ; Untyped                                 ;
; LPM_DIRECTION          ; RIGHT      ; Untyped                                 ;
; LPM_AVALUE             ; UNUSED     ; Untyped                                 ;
; LPM_SVALUE             ; UNUSED     ; Untyped                                 ;
; DEVICE_FAMILY          ; Cyclone II ; Untyped                                 ;
; AUTO_CARRY_CHAINS      ; ON         ; AUTO_CARRY                              ;
; IGNORE_CARRY_BUFFERS   ; OFF        ; IGNORE_CARRY                            ;
; AUTO_CASCADE_CHAINS    ; ON         ; AUTO_CASCADE                            ;
; IGNORE_CASCADE_BUFFERS ; OFF        ; IGNORE_CASCADE                          ;
+------------------------+------------+-----------------------------------------+
Note: In order to hide this table in the UI and the text report file, please set the "Show Parameter Settings Tables in Synthesis Report" option in "Analysis and Synthesis Settings -> More Settings" to "Off".


+-------------------------------------------------------------------------------+
; Parameter Settings for User Entity Instance: 8tapfir:inst|LPM_SHIFTREG:inst10 ;
+------------------------+------------+-----------------------------------------+
; Parameter Name         ; Value      ; Type                                    ;
+------------------------+------------+-----------------------------------------+
; LPM_WIDTH              ; 5          ; Untyped                                 ;
; LPM_DIRECTION          ; RIGHT      ; Untyped                                 ;
; LPM_AVALUE             ; UNUSED     ; Untyped                                 ;
; LPM_SVALUE             ; UNUSED     ; Untyped                                 ;
; DEVICE_FAMILY          ; Cyclone II ; Untyped                                 ;
; AUTO_CARRY_CHAINS      ; ON         ; AUTO_CARRY                              ;
; IGNORE_CARRY_BUFFERS   ; OFF        ; IGNORE_CARRY                            ;
; AUTO_CASCADE_CHAINS    ; ON         ; AUTO_CASCADE                            ;
; IGNORE_CASCADE_BUFFERS ; OFF        ; IGNORE_CASCADE                          ;
+------------------------+------------+-----------------------------------------+
Note: In order to hide this table in the UI and the text report file, please set the "Show Parameter Settings Tables in Synthesis Report" option in "Analysis and Synthesis Settings -> More Settings" to "Off".


+------------------------------------------------------------------------------+
; Parameter Settings for User Entity Instance: 8tapfir:inst|LPM_SHIFTREG:inst9 ;
+------------------------+------------+----------------------------------------+
; Parameter Name         ; Value      ; Type                                   ;
+------------------------+------------+----------------------------------------+
; LPM_WIDTH              ; 5          ; Untyped                                ;
; LPM_DIRECTION          ; RIGHT      ; Untyped                                ;
; LPM_AVALUE             ; UNUSED     ; Untyped                                ;
; LPM_SVALUE             ; UNUSED     ; Untyped                                ;
; DEVICE_FAMILY          ; Cyclone II ; Untyped                                ;
; AUTO_CARRY_CHAINS      ; ON         ; AUTO_CARRY                             ;
; IGNORE_CARRY_BUFFERS   ; OFF        ; IGNORE_CARRY                           ;
; AUTO_CASCADE_CHAINS    ; ON         ; AUTO_CASCADE                           ;
; IGNORE_CASCADE_BUFFERS ; OFF        ; IGNORE_CASCADE                         ;
+------------------------+------------+----------------------------------------+
Note: In order to hide this table in the UI and the text report file, please set the "Show Parameter Settings Tables in Synthesis Report" option in "Analysis and Synthesis Settings -> More Settings" to "Off".


+------------------------------------------------------------------------------+
; Parameter Settings for User Entity Instance: 8tapfir:inst|LPM_SHIFTREG:inst8 ;
+------------------------+------------+----------------------------------------+
; Parameter Name         ; Value      ; Type                                   ;
+------------------------+------------+----------------------------------------+
; LPM_WIDTH              ; 5          ; Untyped                                ;
; LPM_DIRECTION          ; RIGHT      ; Untyped                                ;
; LPM_AVALUE             ; UNUSED     ; Untyped                                ;
; LPM_SVALUE             ; UNUSED     ; Untyped                                ;
; DEVICE_FAMILY          ; Cyclone II ; Untyped                                ;
; AUTO_CARRY_CHAINS      ; ON         ; AUTO_CARRY                             ;
; IGNORE_CARRY_BUFFERS   ; OFF        ; IGNORE_CARRY                           ;
; AUTO_CASCADE_CHAINS    ; ON         ; AUTO_CASCADE                           ;
; IGNORE_CASCADE_BUFFERS ; OFF        ; IGNORE_CASCADE                         ;
+------------------------+------------+----------------------------------------+
Note: In order to hide this table in the UI and the text report file, please set the "Show Parameter Settings Tables in Synthesis Report" option in "Analysis and Synthesis Settings -> More Settings" to "Off".


+------------------------------------------------------------------------------+
; Parameter Settings for User Entity Instance: 8tapfir:inst|LPM_SHIFTREG:inst7 ;
+------------------------+------------+----------------------------------------+
; Parameter Name         ; Value      ; Type                                   ;
+------------------------+------------+----------------------------------------+
; LPM_WIDTH              ; 5          ; Untyped                                ;
; LPM_DIRECTION          ; RIGHT      ; Untyped                                ;
; LPM_AVALUE             ; UNUSED     ; Untyped                                ;
; LPM_SVALUE             ; UNUSED     ; Untyped                                ;
; DEVICE_FAMILY          ; Cyclone II ; Untyped                                ;
; AUTO_CARRY_CHAINS      ; ON         ; AUTO_CARRY                             ;
; IGNORE_CARRY_BUFFERS   ; OFF        ; IGNORE_CARRY                           ;
; AUTO_CASCADE_CHAINS    ; ON         ; AUTO_CASCADE                           ;
; IGNORE_CASCADE_BUFFERS ; OFF        ; IGNORE_CASCADE                         ;
+------------------------+------------+----------------------------------------+
Note: In order to hide this table in the UI and the text report file, please set the "Show Parameter Settings Tables in Synthesis Report" option in "Analysis and Synthesis Settings -> More Settings" to "Off".


+------------------------------------------------------------------------------+
; Parameter Settings for User Entity Instance: 8tapfir:inst|LPM_SHIFTREG:inst6 ;
+------------------------+------------+----------------------------------------+
; Parameter Name         ; Value      ; Type                                   ;
+------------------------+------------+----------------------------------------+
; LPM_WIDTH              ; 5          ; Untyped                                ;
; LPM_DIRECTION          ; RIGHT      ; Untyped                                ;
; LPM_AVALUE             ; UNUSED     ; Untyped                                ;
; LPM_SVALUE             ; UNUSED     ; Untyped                                ;
; DEVICE_FAMILY          ; Cyclone II ; Untyped                                ;
; AUTO_CARRY_CHAINS      ; ON         ; AUTO_CARRY                             ;
; IGNORE_CARRY_BUFFERS   ; OFF        ; IGNORE_CARRY                           ;
; AUTO_CASCADE_CHAINS    ; ON         ; AUTO_CASCADE                           ;
; IGNORE_CASCADE_BUFFERS ; OFF        ; IGNORE_CASCADE                         ;
+------------------------+------------+----------------------------------------+
Note: In order to hide this table in the UI and the text report file, please set the "Show Parameter Settings Tables in Synthesis Report" option in "Analysis and Synthesis Settings -> More Settings" to "Off".


+------------------------------------------------------------------------------+
; Parameter Settings for User Entity Instance: 8tapfir:inst|LPM_SHIFTREG:inst4 ;
+------------------------+------------+----------------------------------------+
; Parameter Name         ; Value      ; Type                                   ;
+------------------------+------------+----------------------------------------+
; LPM_WIDTH              ; 5          ; Untyped                                ;
; LPM_DIRECTION          ; RIGHT      ; Untyped                                ;
; LPM_AVALUE             ; UNUSED     ; Untyped                                ;
; LPM_SVALUE             ; UNUSED     ; Untyped                                ;
; DEVICE_FAMILY          ; Cyclone II ; Untyped                                ;
; AUTO_CARRY_CHAINS      ; ON         ; AUTO_CARRY                             ;
; IGNORE_CARRY_BUFFERS   ; OFF        ; IGNORE_CARRY                           ;
; AUTO_CASCADE_CHAINS    ; ON         ; AUTO_CASCADE                           ;
; IGNORE_CASCADE_BUFFERS ; OFF        ; IGNORE_CASCADE                         ;
+------------------------+------------+----------------------------------------+
Note: In order to hide this table in the UI and the text report file, please set the "Show Parameter Settings Tables in Synthesis Report" option in "Analysis and Synthesis Settings -> More Settings" to "Off".


+-----------------------------------------------------------------------+
; Parameter Settings for User Entity Instance: 8tapfir:inst|lut16:inst5 ;
+----------------+-------+----------------------------------------------+
; Parameter Name ; Value ; Type                                         ;
+----------------+-------+----------------------------------------------+
; c0             ; 1     ; Untyped                                      ;
; c1             ; 2     ; Untyped                                      ;
; c2             ; 3     ; Untyped                                      ;
; c3             ; 4     ; Untyped                                      ;
; w              ; 5     ; Untyped                                      ;
+----------------+-------+----------------------------------------------+
Note: In order to hide this table in the UI and the text report file, please set the "Show Parameter Settings Tables in Synthesis Report" option in "Analysis and Synthesis Settings -> More Settings" to "Off".


+---------------------------------------------------------------+
; lpm_shiftreg Parameter Settings by Entity Instance            ;
+----------------------------+----------------------------------+
; Name                       ; Value                            ;
+----------------------------+----------------------------------+
; Number of entity instances ; 10                               ;
; Entity Instance            ; LPM_SHIFTREG:inst4               ;
;     -- LPM_WIDTH           ; 5                                ;
;     -- LPM_DIRECTION       ; RIGHT                            ;
; Entity Instance            ; MAC:inst7|LPM_SHIFTREG:inst1     ;
;     -- LPM_WIDTH           ; 4                                ;
;     -- LPM_DIRECTION       ; RIGHT                            ;
; Entity Instance            ; 8tapfir:inst|LPM_SHIFTREG:inst12 ;
;     -- LPM_WIDTH           ; 5                                ;
;     -- LPM_DIRECTION       ; RIGHT                            ;
; Entity Instance            ; 8tapfir:inst|LPM_SHIFTREG:inst11 ;
;     -- LPM_WIDTH           ; 5                                ;
;     -- LPM_DIRECTION       ; RIGHT                            ;
; Entity Instance            ; 8tapfir:inst|LPM_SHIFTREG:inst10 ;
;     -- LPM_WIDTH           ; 5                                ;
;     -- LPM_DIRECTION       ; RIGHT                            ;
; Entity Instance            ; 8tapfir:inst|LPM_SHIFTREG:inst9  ;
;     -- LPM_WIDTH           ; 5                                ;
;     -- LPM_DIRECTION       ; RIGHT                            ;
; Entity Instance            ; 8tapfir:inst|LPM_SHIFTREG:inst8  ;
;     -- LPM_WIDTH           ; 5                                ;
;     -- LPM_DIRECTION       ; RIGHT                            ;
; Entity Instance            ; 8tapfir:inst|LPM_SHIFTREG:inst7  ;
;     -- LPM_WIDTH           ; 5                                ;
;     -- LPM_DIRECTION       ; RIGHT                            ;
; Entity Instance            ; 8tapfir:inst|LPM_SHIFTREG:inst6  ;
;     -- LPM_WIDTH           ; 5                                ;
;     -- LPM_DIRECTION       ; RIGHT                            ;
; Entity Instance            ; 8tapfir:inst|LPM_SHIFTREG:inst4  ;
;     -- LPM_WIDTH           ; 5                                ;
;     -- LPM_DIRECTION       ; RIGHT                            ;
+----------------------------+----------------------------------+


+-------------------------------+
; Analysis & Synthesis Messages ;
+-------------------------------+
Info: *******************************************************************
Info: Running Quartus II Analysis & Synthesis
    Info: Version 9.1 Build 222 10/21/2009 SJ Web Edition
    Info: Processing started: Sun Apr 14 17:34:35 2024
Info: Command: quartus_map --read_settings_files=on --write_settings_files=off Filter_1 -c Filter_1
Info: Found 1 design units, including 1 entities, in source file filter_1.bdf
    Info: Found entity 1: Filter_1
Warning: Can't analyze file -- file Vhdl1.vhd is missing
Warning: Can't analyze file -- file SE1.vhd is missing
Info: Found 2 design units, including 1 entities, in source file mysignextension.vhd
    Info: Found design unit 1: MySignExtension-Behavioral
    Info: Found entity 1: MySignExtension
Info: Elaborating entity "Filter_1" for the top level hierarchy
Info: Elaborating entity "LPM_SHIFTREG" for hierarchy "LPM_SHIFTREG:inst4"
Info: Elaborated megafunction instantiation "LPM_SHIFTREG:inst4"
Info: Instantiated megafunction "LPM_SHIFTREG:inst4" with the following parameter:
    Info: Parameter "LPM_DIRECTION" = "RIGHT"
    Info: Parameter "LPM_WIDTH" = "5"
Info: Elaborating entity "MySignExtension" for hierarchy "MySignExtension:inst5"
Warning: Using design file mac.bdf, which is not specified as a design file for the current project, but contains definitions for 1 design units and 1 entities in project
    Info: Found entity 1: mac
Info: Elaborating entity "MAC" for hierarchy "MAC:inst7"
Info: Elaborating entity "LPM_ADD_SUB" for hierarchy "MAC:inst7|LPM_ADD_SUB:inst"
Info: Elaborated megafunction instantiation "MAC:inst7|LPM_ADD_SUB:inst"
Info: Instantiated megafunction "MAC:inst7|LPM_ADD_SUB:inst" with the following parameter:
    Info: Parameter "LPM_DIRECTION" = "DEFAULT"
    Info: Parameter "LPM_PIPELINE" = "1"
    Info: Parameter "LPM_REPRESENTATION" = "SIGNED"
    Info: Parameter "LPM_WIDTH" = "5"
Info: Found 1 design units, including 1 entities, in source file db/add_sub_pth.tdf
    Info: Found entity 1: add_sub_pth
Info: Elaborating entity "add_sub_pth" for hierarchy "MAC:inst7|LPM_ADD_SUB:inst|add_sub_pth:auto_generated"
Warning: Using design file andw.vhd, which is not specified as a design file for the current project, but contains definitions for 2 design units and 1 entities in project
    Info: Found design unit 1: ANDW-behavioral
    Info: Found entity 1: ANDW
Info: Elaborating entity "ANDW" for hierarchy "MAC:inst7|ANDW:inst4"
Info: Elaborating entity "LPM_SHIFTREG" for hierarchy "MAC:inst7|LPM_SHIFTREG:inst1"
Info: Elaborated megafunction instantiation "MAC:inst7|LPM_SHIFTREG:inst1"
Info: Instantiated megafunction "MAC:inst7|LPM_SHIFTREG:inst1" with the following parameter:
    Info: Parameter "LPM_DIRECTION" = "RIGHT"
    Info: Parameter "LPM_WIDTH" = "4"
Warning: Using design file 8tapfir.bdf, which is not specified as a design file for the current project, but contains definitions for 1 design units and 1 entities in project
    Info: Found entity 1: 8tapfir
Info: Elaborating entity "8tapfir" for hierarchy "8tapfir:inst"
Info: Elaborating entity "LPM_SHIFTREG" for hierarchy "8tapfir:inst|LPM_SHIFTREG:inst12"
Info: Elaborated megafunction instantiation "8tapfir:inst|LPM_SHIFTREG:inst12"
Info: Instantiated megafunction "8tapfir:inst|LPM_SHIFTREG:inst12" with the following parameter:
    Info: Parameter "LPM_DIRECTION" = "RIGHT"
    Info: Parameter "LPM_WIDTH" = "5"
Warning: Using design file lut16.vhd, which is not specified as a design file for the current project, but contains definitions for 2 design units and 1 entities in project
    Info: Found design unit 1: lut16-behavior
    Info: Found entity 1: lut16
Info: Elaborating entity "lut16" for hierarchy "8tapfir:inst|lut16:inst5"
Warning: Using design file summator.bdf, which is not specified as a design file for the current project, but contains definitions for 1 design units and 1 entities in project
    Info: Found entity 1: summator
Info: Elaborating entity "summator" for hierarchy "8tapfir:inst|summator:inst"
Info: Implemented 95 device resources after synthesis - the final resource count might be different
    Info: Implemented 14 input pins
    Info: Implemented 10 output pins
    Info: Implemented 71 logic cells
Info: Quartus II Analysis & Synthesis was successful. 0 errors, 7 warnings
    Info: Peak virtual memory: 240 megabytes
    Info: Processing ended: Sun Apr 14 17:34:41 2024
    Info: Elapsed time: 00:00:06
    Info: Total CPU time (on all processors): 00:00:03


